#
# A fatal error has been detected by the Java Runtime Environment:
#
#  SIGSEGV (0xb) at pc=0x00007f89267a4e42, pid=30067, tid=140227157464832
#
# JRE version: Java(TM) SE Runtime Environment (8.0_25-b17) (build 1.8.0_25-b17)
# Java VM: Java HotSpot(TM) 64-Bit Server VM (25.25-b02 mixed mode linux-amd64 compressed oops)
# Problematic frame:
# C  [libGL.so.1+0x56e42]
#
# Failed to write core dump. Core dumps have been disabled. To enable core dumping, try "ulimit -c unlimited" before starting Java again
#
# If you would like to submit a bug report, please visit:
#   http://bugreport.sun.com/bugreport/crash.jsp
# The crash happened outside the Java Virtual Machine in native code.
# See problematic frame for where to report the bug.
#

---------------  T H R E A D  ---------------

Current thread (0x00007f88fc03e800):  JavaThread "QuantumRenderer-0" daemon [_thread_in_native, id=30095, stack(0x00007f892dd89000,0x00007f892de8a000)]

siginfo: si_signo: 11 (SIGSEGV), si_code: 1 (SEGV_MAPERR), si_addr: 0x0000000000000030

Registers:
RAX=0x0000000000000048, RBX=0x00007f88f030eef0, RCX=0x00007f88f0704720, RDX=0x0000000000000000
RSP=0x00007f892de85bc0, RBP=0x00007f88f02ffc10, RSI=0x0000000000000001, RDI=0x00007f88f030eef0
R8 =0x0000000000000000, R9 =0x0000000000000004, R10=0x0000000000000068, R11=0x000000000000000a
R12=0x0000000000000001, R13=0x00007f88f0585780, R14=0x00007f88f0585780, R15=0x00007f88f030f030
RIP=0x00007f89267a4e42, EFLAGS=0x0000000000010206, CSGSFS=0x0000000000000033, ERR=0x0000000000000004
  TRAPNO=0x000000000000000e

Top of Stack: (sp=0x00007f892de85bc0)
0x00007f892de85bc0:   0000000000000001 00007f88f030eef0
0x00007f892de85bd0:   00007f88f05857c8 00007f88f05857c8
0x00007f892de85be0:   00007f88f0585780 00007f88f0585780
0x00007f892de85bf0:   00007f88f030f030 00007f89267a4f7f
0x00007f892de85c00:   000000000000000a 0000000000000048
0x00007f892de85c10:   0000000000000048 00007f88f02ffc10
0x00007f892de85c20:   00007f88f0222950 0000000041047000
0x00007f892de85c30:   0000000000008d40 0000000000000001
0x00007f892de85c40:   0000000000000004 00007f892de85c7e
0x00007f892de85c50:   00007f88fc03e800 00007f88f5b72bf7
0x00007f892de85c60:   0000000041047000 00007f88f5b7484d
0x00007f892de85c70:   00000000d7d489f1 0100010041047000
0x00007f892de85c80:   0000000000000004 0000000041047000
0x00007f892de85c90:   00007f88f71508c0 00007f88f710d600
0x00007f892de85ca0:   0000000000008d40 00007f88f5b74930
0x00007f892de85cb0:   00007f88f01ff390 00007f892de85cf0
0x00007f892de85cc0:   0000000000000004 0000000000000353
0x00007f892de85cd0:   00007f892de85d30 00007f892db8097b
0x00007f892de85ce0:   00007f88ec363660 0000000000000000
0x00007f892de85cf0:   00007f892de85d40 00007f893191b236
0x00007f892de85d00:   0000000400001403 00007f88f0222950
0x00007f892de85d10:   0000000041091b5c 0000000041091458
0x00007f892de85d20:   0000000000000000 00007f88f5f82116
0x00007f892de85d30:   00000000c2363f30 00007f88fc03e800
0x00007f892de85d40:   00007f892de864a0 00007f893194e73c
0x00007f892de85d50:   00007f88fc03e800 0000000000000000
0x00007f892de85d60:   0000000100332b30 0000000100334800
0x00007f892de85d70:   0000000000000004 00000000c27e34f0
0x00007f892de85d80:   00007f8944f54010 00007f893196ee2c
0x00007f892de85d90:   00007f892de864a0 00007f893196f03c
0x00007f892de85da0:   00007f892de85e00 00007f894772ef46
0x00007f892de85db0:   00007f88fc03e800 0000000000000000 

Instructions: (pc=0x00007f89267a4e42)
0x00007f89267a4e22:   7c 24 f8 48 83 ec 38 48 8b 9f f0 09 00 00 48 8b
0x00007f89267a4e32:   6f 68 48 8b 93 10 01 00 00 48 89 df 48 8d 42 48
0x00007f89267a4e42:   4c 8b 7a 30 44 8b b0 5c 0c 00 00 44 8b a8 58 0c
0x00007f89267a4e52:   00 00 48 8b 05 35 f9 29 00 48 8b 00 ff 90 f8 03 

Register to memory mapping:

RAX=0x0000000000000048 is an unknown value
RBX=0x00007f88f030eef0 is an unknown value
RCX=0x00007f88f0704720 is an unknown value
RDX=0x0000000000000000 is an unknown value
RSP=0x00007f892de85bc0 is pointing into the stack for thread: 0x00007f88fc03e800
RBP=0x00007f88f02ffc10 is an unknown value
RSI=0x0000000000000001 is an unknown value
RDI=0x00007f88f030eef0 is an unknown value
R8 =0x0000000000000000 is an unknown value
R9 =0x0000000000000004 is an unknown value
R10=0x0000000000000068 is an unknown value
R11=0x000000000000000a is an unknown value
R12=0x0000000000000001 is an unknown value
R13=0x00007f88f0585780 is an unknown value
R14=0x00007f88f0585780 is an unknown value
R15=0x00007f88f030f030 is an unknown value


Stack: [0x00007f892dd89000,0x00007f892de8a000],  sp=0x00007f892de85bc0,  free space=1010k
Native frames: (J=compiled Java code, j=interpreted, Vv=VM code, C=native code)
C  [libGL.so.1+0x56e42]

Java frames: (J=compiled Java code, j=interpreted, Vv=VM code)
J 3163  com.sun.prism.es2.GLContext.nBindFBO(JI)V (0 bytes) @ 0x00007f893191b1c4 [0x00007f893191b180+0x44]
J 3211 C1 com.sun.prism.es2.GLContext.bindFBO(I)V (81 bytes) @ 0x00007f893194e73c [0x00007f893194e660+0xdc]
J 3248 C1 com.sun.prism.es2.ES2Context.updateRenderTarget(Lcom/sun/prism/RenderTarget;Lcom/sun/javafx/sg/prism/NGCamera;Z)Lcom/sun/prism/impl/ps/BaseShaderContext$State; (266 bytes) @ 0x00007f893196f03c [0x00007f893196ed60+0x2dc]
J 2543 C1 com.sun.prism.impl.ps.BaseShaderContext.setRenderTarget(Lcom/sun/prism/RenderTarget;Lcom/sun/javafx/sg/prism/NGCamera;ZZ)V (278 bytes) @ 0x00007f8931758154 [0x00007f89317578e0+0x874]
J 2542 C1 com.sun.prism.impl.BaseContext.setRenderTarget(Lcom/sun/prism/impl/BaseGraphics;)V (47 bytes) @ 0x00007f893175736c [0x00007f8931756ea0+0x4cc]
J 3230 C1 com.sun.prism.impl.ps.BaseShaderGraphics.initLCDSampleRT()V (229 bytes) @ 0x00007f89319614b4 [0x00007f8931960080+0x1434]
J 3056 C1 com.sun.prism.impl.ps.BaseShaderGraphics.drawString(Lcom/sun/javafx/scene/text/GlyphList;Lcom/sun/javafx/font/FontStrike;FFLcom/sun/prism/paint/Color;II)V (819 bytes) @ 0x00007f89318dc554 [0x00007f89318dbae0+0xa74]
J 3251 C1 com.sun.javafx.sg.prism.NGText.renderText(Lcom/sun/prism/Graphics;Lcom/sun/javafx/font/FontStrike;Lcom/sun/javafx/geom/BaseBounds;Lcom/sun/prism/paint/Color;I)V (523 bytes) @ 0x00007f89319749dc [0x00007f8931973e20+0xbbc]
j  com.sun.javafx.sg.prism.NGText.renderContent2D(Lcom/sun/prism/Graphics;Z)V+238
J 3047 C1 com.sun.javafx.sg.prism.NGShape.renderContent(Lcom/sun/prism/Graphics;)V (386 bytes) @ 0x00007f89318c280c [0x00007f89318c1f20+0x8ec]
J 2594 C1 com.sun.javafx.sg.prism.NGNode.doRender(Lcom/sun/prism/Graphics;)V (473 bytes) @ 0x00007f893177e254 [0x00007f893177c400+0x1e54]
J 2526 C1 com.sun.javafx.sg.prism.NGNode.render(Lcom/sun/prism/Graphics;)V (38 bytes) @ 0x00007f893174d71c [0x00007f893174d4a0+0x27c]
J 3005 C1 com.sun.javafx.sg.prism.NGGroup.renderContent(Lcom/sun/prism/Graphics;)V (436 bytes) @ 0x00007f89318b9aa4 [0x00007f89318b9600+0x4a4]
J 3038 C1 com.sun.javafx.sg.prism.NGRegion.renderContent(Lcom/sun/prism/Graphics;)V (115 bytes) @ 0x00007f89318c61ec [0x00007f89318c5c60+0x58c]
J 2594 C1 com.sun.javafx.sg.prism.NGNode.doRender(Lcom/sun/prism/Graphics;)V (473 bytes) @ 0x00007f893177e254 [0x00007f893177c400+0x1e54]
J 2526 C1 com.sun.javafx.sg.prism.NGNode.render(Lcom/sun/prism/Graphics;)V (38 bytes) @ 0x00007f893174d71c [0x00007f893174d4a0+0x27c]
J 3005 C1 com.sun.javafx.sg.prism.NGGroup.renderContent(Lcom/sun/prism/Graphics;)V (436 bytes) @ 0x00007f89318b9aa4 [0x00007f89318b9600+0x4a4]
J 3038 C1 com.sun.javafx.sg.prism.NGRegion.renderContent(Lcom/sun/prism/Graphics;)V (115 bytes) @ 0x00007f89318c61ec [0x00007f89318c5c60+0x58c]
J 2594 C1 com.sun.javafx.sg.prism.NGNode.doRender(Lcom/sun/prism/Graphics;)V (473 bytes) @ 0x00007f893177e254 [0x00007f893177c400+0x1e54]
J 2526 C1 com.sun.javafx.sg.prism.NGNode.render(Lcom/sun/prism/Graphics;)V (38 bytes) @ 0x00007f893174d71c [0x00007f893174d4a0+0x27c]
J 3005 C1 com.sun.javafx.sg.prism.NGGroup.renderContent(Lcom/sun/prism/Graphics;)V (436 bytes) @ 0x00007f89318b9aa4 [0x00007f89318b9600+0x4a4]
J 3038 C1 com.sun.javafx.sg.prism.NGRegion.renderContent(Lcom/sun/prism/Graphics;)V (115 bytes) @ 0x00007f89318c61ec [0x00007f89318c5c60+0x58c]
J 2594 C1 com.sun.javafx.sg.prism.NGNode.doRender(Lcom/sun/prism/Graphics;)V (473 bytes) @ 0x00007f893177e254 [0x00007f893177c400+0x1e54]
J 2526 C1 com.sun.javafx.sg.prism.NGNode.render(Lcom/sun/prism/Graphics;)V (38 bytes) @ 0x00007f893174d71c [0x00007f893174d4a0+0x27c]
J 3005 C1 com.sun.javafx.sg.prism.NGGroup.renderContent(Lcom/sun/prism/Graphics;)V (436 bytes) @ 0x00007f89318b9aa4 [0x00007f89318b9600+0x4a4]
J 3038 C1 com.sun.javafx.sg.prism.NGRegion.renderContent(Lcom/sun/prism/Graphics;)V (115 bytes) @ 0x00007f89318c61ec [0x00007f89318c5c60+0x58c]
J 2594 C1 com.sun.javafx.sg.prism.NGNode.doRender(Lcom/sun/prism/Graphics;)V (473 bytes) @ 0x00007f893177e254 [0x00007f893177c400+0x1e54]
J 2526 C1 com.sun.javafx.sg.prism.NGNode.render(Lcom/sun/prism/Graphics;)V (38 bytes) @ 0x00007f893174d71c [0x00007f893174d4a0+0x27c]
J 3005 C1 com.sun.javafx.sg.prism.NGGroup.renderContent(Lcom/sun/prism/Graphics;)V (436 bytes) @ 0x00007f89318b9aa4 [0x00007f89318b9600+0x4a4]
J 3038 C1 com.sun.javafx.sg.prism.NGRegion.renderContent(Lcom/sun/prism/Graphics;)V (115 bytes) @ 0x00007f89318c61ec [0x00007f89318c5c60+0x58c]
J 2594 C1 com.sun.javafx.sg.prism.NGNode.doRender(Lcom/sun/prism/Graphics;)V (473 bytes) @ 0x00007f893177e254 [0x00007f893177c400+0x1e54]
J 2526 C1 com.sun.javafx.sg.prism.NGNode.render(Lcom/sun/prism/Graphics;)V (38 bytes) @ 0x00007f893174d71c [0x00007f893174d4a0+0x27c]
j  com.sun.javafx.tk.quantum.ViewPainter.doPaint(Lcom/sun/prism/Graphics;Lcom/sun/javafx/sg/prism/NodePath;)V+201
j  com.sun.javafx.tk.quantum.ViewPainter.paintImpl(Lcom/sun/prism/Graphics;)V+975
j  com.sun.javafx.tk.quantum.PresentingPainter.run()V+290
j  java.util.concurrent.Executors$RunnableAdapter.call()Ljava/lang/Object;+4
j  java.util.concurrent.FutureTask.runAndReset()Z+47
j  com.sun.javafx.tk.RenderJob.run()V+1
j  java.util.concurrent.ThreadPoolExecutor.runWorker(Ljava/util/concurrent/ThreadPoolExecutor$Worker;)V+95
j  java.util.concurrent.ThreadPoolExecutor$Worker.run()V+5
j  com.sun.javafx.tk.quantum.QuantumRenderer$PipelineRunnable.run()V+8
j  java.lang.Thread.run()V+11
v  ~StubRoutines::call_stub

---------------  P R O C E S S  ---------------

Java Threads: ( => current thread )
  0x00000000008a8800 JavaThread "Prism Font Disposer" daemon [_thread_blocked, id=30105, stack(0x00007f88ee4cf000,0x00007f88ee5d0000)]
  0x00007f88fc0a6000 JavaThread "JavaFX Application Thread" [_thread_blocked, id=30097, stack(0x00007f88ef594000,0x00007f88ef695000)]
  0x00007f88fc0af000 JavaThread "Thread-2" daemon [_thread_blocked, id=30096, stack(0x00007f88ef695000,0x00007f88ef796000)]
=>0x00007f88fc03e800 JavaThread "QuantumRenderer-0" daemon [_thread_in_native, id=30095, stack(0x00007f892dd89000,0x00007f892de8a000)]
  0x00007f89401c5800 JavaThread "JavaFX-Launcher" [_thread_blocked, id=30094, stack(0x00007f892de8a000,0x00007f892df8b000)]
  0x00007f8940143000 JavaThread "Monitor Ctrl-Break" daemon [_thread_in_native, id=30093, stack(0x00007f892e25f000,0x00007f892e360000)]
  0x00007f89400b8800 JavaThread "Service Thread" daemon [_thread_blocked, id=30090, stack(0x00007f892e698000,0x00007f892e799000)]
  0x00007f89400b3800 JavaThread "C1 CompilerThread1" daemon [_thread_blocked, id=30087, stack(0x00007f892e799000,0x00007f892e89a000)]
  0x00007f89400b0800 JavaThread "C2 CompilerThread0" daemon [_thread_in_native, id=30086, stack(0x00007f892e89a000,0x00007f892e99b000)]
  0x00007f89400ae800 JavaThread "Signal Dispatcher" daemon [_thread_blocked, id=30084, stack(0x00007f892e99b000,0x00007f892ea9c000)]
  0x00007f8940078800 JavaThread "Finalizer" daemon [_thread_blocked, id=30082, stack(0x00007f892ec0b000,0x00007f892ed0c000)]
  0x00007f8940076800 JavaThread "Reference Handler" daemon [_thread_blocked, id=30080, stack(0x00007f892ed0c000,0x00007f892ee0d000)]
  0x00007f894000a800 JavaThread "main" [_thread_blocked, id=30070, stack(0x00007f8948af5000,0x00007f8948bf6000)]

Other Threads:
  0x00007f894006f800 VMThread [stack: 0x00007f892ee0d000,0x00007f892ef0e000] [id=30078]
  0x00007f89400bd800 WatcherThread [stack: 0x00007f892e597000,0x00007f892e698000] [id=30091]

VM state:not at safepoint (normal execution)

VM Mutex/Monitor currently owned by a thread: None

Heap:
 PSYoungGen      total 18432K, used 17990K [0x00000000eb600000, 0x00000000ed680000, 0x0000000100000000)
  eden space 15872K, 99% used [0x00000000eb600000,0x00000000ec55a198,0x00000000ec580000)
  from space 2560K, 88% used [0x00000000ec580000,0x00000000ec7b7810,0x00000000ec800000)
  to   space 5632K, 0% used [0x00000000ed100000,0x00000000ed100000,0x00000000ed680000)
 ParOldGen       total 35840K, used 7616K [0x00000000c2200000, 0x00000000c4500000, 0x00000000eb600000)
  object space 35840K, 21% used [0x00000000c2200000,0x00000000c2970070,0x00000000c4500000)
 Metaspace       used 22807K, capacity 24242K, committed 24320K, reserved 1071104K
  class space    used 3351K, capacity 3570K, committed 3584K, reserved 1048576K

Card table byte_map: [0x00007f894573d000,0x00007f894592d000] byte_map_base: 0x00007f894512c000

Marking Bits: (ParMarkBitMap*) 0x00007f8947fe72c0
 Begin Bits: [0x00007f892f110000, 0x00007f8930088000)
 End Bits:   [0x00007f8930088000, 0x00007f8931000000)

Polling page: 0x00007f8948c2d000

CodeCache: size=245760Kb used=9788Kb max_used=9788Kb free=235971Kb
 bounds [0x00007f8931000000, 0x00007f89319a0000, 0x00007f8940000000]
 total_blobs=3931 nmethods=3254 adapters=591
 compilation: enabled

Compilation events (10 events):
Event: 29,253 Thread 0x00007f89400b3800 3300       3       java.util.WeakHashMap$EntrySet::iterator (13 bytes)
Event: 29,253 Thread 0x00007f89400b3800 nmethod 3300 0x00007f8931991210 code [0x00007f89319913a0, 0x00007f8931991668]
Event: 29,256 Thread 0x00007f89400b3800 3303       3       javafx.scene.Parent::prefWidth (89 bytes)
Event: 29,257 Thread 0x00007f89400b3800 nmethod 3303 0x00007f8931991790 code [0x00007f8931991960, 0x00007f8931992038]
Event: 29,257 Thread 0x00007f89400b3800 3301       3       javafx.scene.layout.Region::computeXOffset (60 bytes)
Event: 29,258 Thread 0x00007f89400b3800 nmethod 3301 0x00007f8931992150 code [0x00007f8931992300, 0x00007f8931992608]
Event: 29,258 Thread 0x00007f89400b3800 3302       3       javafx.scene.text.Text::access$900 (5 bytes)
Event: 29,258 Thread 0x00007f89400b3800 nmethod 3302 0x00007f8931992790 code [0x00007f8931992920, 0x00007f8931992ce8]
Event: 29,258 Thread 0x00007f89400b3800 3304       1       com.sun.javafx.geom.transform.BaseTransform::getMzt (2 bytes)
Event: 29,259 Thread 0x00007f89400b3800 nmethod 3304 0x00007f8931992e90 code [0x00007f8931992fe0, 0x00007f89319930f0]

GC Heap History (10 events):
Event: 14,507 GC heap before
{Heap before GC invocations=2 (full 0):
 PSYoungGen      total 18432K, used 18400K [0x00000000eb600000, 0x00000000eca80000, 0x0000000100000000)
  eden space 15872K, 100% used [0x00000000eb600000,0x00000000ec580000,0x00000000ec580000)
  from space 2560K, 98% used [0x00000000ec580000,0x00000000ec7f8050,0x00000000ec800000)
  to   space 2560K, 0% used [0x00000000ec800000,0x00000000ec800000,0x00000000eca80000)
 ParOldGen       total 42496K, used 549K [0x00000000c2200000, 0x00000000c4b80000, 0x00000000eb600000)
  object space 42496K, 1% used [0x00000000c2200000,0x00000000c2289408,0x00000000c4b80000)
 Metaspace       used 15186K, capacity 15844K, committed 16000K, reserved 1062912K
  class space    used 2274K, capacity 2426K, committed 2432K, reserved 1048576K
Event: 14,531 GC heap after
Heap after GC invocations=2 (full 0):
 PSYoungGen      total 18432K, used 2555K [0x00000000eb600000, 0x00000000eca80000, 0x0000000100000000)
  eden space 15872K, 0% used [0x00000000eb600000,0x00000000eb600000,0x00000000ec580000)
  from space 2560K, 99% used [0x00000000ec800000,0x00000000eca7ec60,0x00000000eca80000)
  to   space 2560K, 0% used [0x00000000ec580000,0x00000000ec580000,0x00000000ec800000)
 ParOldGen       total 42496K, used 2691K [0x00000000c2200000, 0x00000000c4b80000, 0x00000000eb600000)
  object space 42496K, 6% used [0x00000000c2200000,0x00000000c24a0f48,0x00000000c4b80000)
 Metaspace       used 15186K, capacity 15844K, committed 16000K, reserved 1062912K
  class space    used 2274K, capacity 2426K, committed 2432K, reserved 1048576K
}
Event: 17,225 GC heap before
{Heap before GC invocations=3 (full 0):
 PSYoungGen      total 18432K, used 18427K [0x00000000eb600000, 0x00000000eca80000, 0x0000000100000000)
  eden space 15872K, 100% used [0x00000000eb600000,0x00000000ec580000,0x00000000ec580000)
  from space 2560K, 99% used [0x00000000ec800000,0x00000000eca7ec60,0x00000000eca80000)
  to   space 2560K, 0% used [0x00000000ec580000,0x00000000ec580000,0x00000000ec800000)
 ParOldGen       total 42496K, used 2691K [0x00000000c2200000, 0x00000000c4b80000, 0x00000000eb600000)
  object space 42496K, 6% used [0x00000000c2200000,0x00000000c24a0f48,0x00000000c4b80000)
 Metaspace       used 19626K, capacity 20592K, committed 20864K, reserved 1067008K
  class space    used 2944K, capacity 3155K, committed 3200K, reserved 1048576K
Event: 17,254 GC heap after
Heap after GC invocations=3 (full 0):
 PSYoungGen      total 18432K, used 2539K [0x00000000eb600000, 0x00000000eca80000, 0x0000000100000000)
  eden space 15872K, 0% used [0x00000000eb600000,0x00000000eb600000,0x00000000ec580000)
  from space 2560K, 99% used [0x00000000ec580000,0x00000000ec7fac70,0x00000000ec800000)
  to   space 2560K, 0% used [0x00000000ec800000,0x00000000ec800000,0x00000000eca80000)
 ParOldGen       total 42496K, used 4648K [0x00000000c2200000, 0x00000000c4b80000, 0x00000000eb600000)
  object space 42496K, 10% used [0x00000000c2200000,0x00000000c268a118,0x00000000c4b80000)
 Metaspace       used 19626K, capacity 20592K, committed 20864K, reserved 1067008K
  class space    used 2944K, capacity 3155K, committed 3200K, reserved 1048576K
}
Event: 17,919 GC heap before
{Heap before GC invocations=4 (full 0):
 PSYoungGen      total 18432K, used 5444K [0x00000000eb600000, 0x00000000eca80000, 0x0000000100000000)
  eden space 15872K, 18% used [0x00000000eb600000,0x00000000eb8d6638,0x00000000ec580000)
  from space 2560K, 99% used [0x00000000ec580000,0x00000000ec7fac70,0x00000000ec800000)
  to   space 2560K, 0% used [0x00000000ec800000,0x00000000ec800000,0x00000000eca80000)
 ParOldGen       total 42496K, used 4648K [0x00000000c2200000, 0x00000000c4b80000, 0x00000000eb600000)
  object space 42496K, 10% used [0x00000000c2200000,0x00000000c268a118,0x00000000c4b80000)
 Metaspace       used 20066K, capacity 21184K, committed 21248K, reserved 1067008K
  class space    used 3028K, capacity 3265K, committed 3328K, reserved 1048576K
Event: 17,938 GC heap after
Heap after GC invocations=4 (full 0):
 PSYoungGen      total 18432K, used 2539K [0x00000000eb600000, 0x00000000eda00000, 0x0000000100000000)
  eden space 15872K, 0% used [0x00000000eb600000,0x00000000eb600000,0x00000000ec580000)
  from space 2560K, 99% used [0x00000000ec800000,0x00000000eca7ac70,0x00000000eca80000)
  to   space 2560K, 0% used [0x00000000ec580000,0x00000000ec580000,0x00000000ec800000)
 ParOldGen       total 42496K, used 5320K [0x00000000c2200000, 0x00000000c4b80000, 0x00000000eb600000)
  object space 42496K, 12% used [0x00000000c2200000,0x00000000c2732118,0x00000000c4b80000)
 Metaspace       used 20066K, capacity 21184K, committed 21248K, reserved 1067008K
  class space    used 3028K, capacity 3265K, committed 3328K, reserved 1048576K
}
Event: 17,939 GC heap before
{Heap before GC invocations=5 (full 1):
 PSYoungGen      total 18432K, used 2539K [0x00000000eb600000, 0x00000000eda00000, 0x0000000100000000)
  eden space 15872K, 0% used [0x00000000eb600000,0x00000000eb600000,0x00000000ec580000)
  from space 2560K, 99% used [0x00000000ec800000,0x00000000eca7ac70,0x00000000eca80000)
  to   space 2560K, 0% used [0x00000000ec580000,0x00000000ec580000,0x00000000ec800000)
 ParOldGen       total 42496K, used 5320K [0x00000000c2200000, 0x00000000c4b80000, 0x00000000eb600000)
  object space 42496K, 12% used [0x00000000c2200000,0x00000000c2732118,0x00000000c4b80000)
 Metaspace       used 20066K, capacity 21184K, committed 21248K, reserved 1067008K
  class space    used 3028K, capacity 3265K, committed 3328K, reserved 1048576K
Event: 18,211 GC heap after
Heap after GC invocations=5 (full 1):
 PSYoungGen      total 18432K, used 0K [0x00000000eb600000, 0x00000000eda00000, 0x0000000100000000)
  eden space 15872K, 0% used [0x00000000eb600000,0x00000000eb600000,0x00000000ec580000)
  from space 2560K, 0% used [0x00000000ec800000,0x00000000ec800000,0x00000000eca80000)
  to   space 2560K, 0% used [0x00000000ec580000,0x00000000ec580000,0x00000000ec800000)
 ParOldGen       total 35840K, used 7608K [0x00000000c2200000, 0x00000000c4500000, 0x00000000eb600000)
  object space 35840K, 21% used [0x00000000c2200000,0x00000000c296e070,0x00000000c4500000)
 Metaspace       used 20065K, capacity 21182K, committed 21248K, reserved 1067008K
  class space    used 3027K, capacity 3264K, committed 3328K, reserved 1048576K
}
Event: 23,573 GC heap before
{Heap before GC invocations=6 (full 1):
 PSYoungGen      total 18432K, used 15872K [0x00000000eb600000, 0x00000000eda00000, 0x0000000100000000)
  eden space 15872K, 100% used [0x00000000eb600000,0x00000000ec580000,0x00000000ec580000)
  from space 2560K, 0% used [0x00000000ec800000,0x00000000ec800000,0x00000000eca80000)
  to   space 2560K, 0% used [0x00000000ec580000,0x00000000ec580000,0x00000000ec800000)
 ParOldGen       total 35840K, used 7608K [0x00000000c2200000, 0x00000000c4500000, 0x00000000eb600000)
  object space 35840K, 21% used [0x00000000c2200000,0x00000000c296e070,0x00000000c4500000)
 Metaspace       used 21620K, capacity 22868K, committed 23168K, reserved 1069056K
  class space    used 3185K, capacity 3409K, committed 3456K, reserved 1048576K
Event: 23,586 GC heap after
Heap after GC invocations=6 (full 1):
 PSYoungGen      total 18432K, used 2270K [0x00000000eb600000, 0x00000000ed680000, 0x0000000100000000)
  eden space 15872K, 0% used [0x00000000eb600000,0x00000000eb600000,0x00000000ec580000)
  from space 2560K, 88% used [0x00000000ec580000,0x00000000ec7b7810,0x00000000ec800000)
  to   space 5632K, 0% used [0x00000000ed100000,0x00000000ed100000,0x00000000ed680000)
 ParOldGen       total 35840K, used 7616K [0x00000000c2200000, 0x00000000c4500000, 0x00000000eb600000)
  object space 35840K, 21% used [0x00000000c2200000,0x00000000c2970070,0x00000000c4500000)
 Metaspace       used 21620K, capacity 22868K, committed 23168K, reserved 1069056K
  class space    used 3185K, capacity 3409K, committed 3456K, reserved 1048576K
}

Deoptimization events (10 events):
Event: 17,202 Thread 0x00007f88fc0a6000 Uncommon trap: reason=array_check action=maybe_recompile pc=0x00007f8931567274 method=com.sun.javafx.css.SimpleSelector.applies(Ljavafx/css/Styleable;[Ljava/util/Set;I)Z @ 37
Event: 17,271 Thread 0x00007f88fc0a6000 Uncommon trap: reason=array_check action=maybe_recompile pc=0x00007f8931567274 method=com.sun.javafx.css.SimpleSelector.applies(Ljavafx/css/Styleable;[Ljava/util/Set;I)Z @ 37
Event: 17,561 Thread 0x00007f88fc0a6000 Uncommon trap: reason=null_check action=make_not_entrant pc=0x00007f8931570e8c method=com.sun.javafx.css.SimpleSelector.applies(Ljavafx/css/Styleable;)Z @ 77
Event: 17,911 Thread 0x00007f88fc0a6000 Uncommon trap: reason=null_check action=make_not_entrant pc=0x00007f89315d7150 method=com.sun.javafx.css.SimpleSelector.applies(Ljavafx/css/Styleable;)Z @ 77
Event: 20,430 Thread 0x00007f88fc03e800 Uncommon trap: reason=class_check action=maybe_recompile pc=0x00007f893146c578 method=java.util.concurrent.ConcurrentHashMap.putVal(Ljava/lang/Object;Ljava/lang/Object;Z)Ljava/lang/Object; @ 192
Event: 20,486 Thread 0x00007f88fc03e800 Uncommon trap: reason=class_check action=maybe_recompile pc=0x00007f893146c578 method=java.util.concurrent.ConcurrentHashMap.putVal(Ljava/lang/Object;Ljava/lang/Object;Z)Ljava/lang/Object; @ 192
Event: 24,010 Thread 0x00007f88fc0a6000 Uncommon trap: reason=class_check action=maybe_recompile pc=0x00007f89314054cc method=java.io.FilterInputStream.read()I @ 4
Event: 24,010 Thread 0x00007f88fc0a6000 Uncommon trap: reason=class_check action=maybe_recompile pc=0x00007f89314054cc method=java.io.FilterInputStream.read()I @ 4
Event: 24,010 Thread 0x00007f88fc0a6000 Uncommon trap: reason=class_check action=maybe_recompile pc=0x00007f89314054cc method=java.io.FilterInputStream.read()I @ 4
Event: 24,010 Thread 0x00007f88fc0a6000 Uncommon trap: reason=class_check action=maybe_recompile pc=0x00007f89314054cc method=java.io.FilterInputStream.read()I @ 4

Internal exceptions (10 events):
Event: 23,879 Thread 0x00007f88fc0a6000 Exception <a 'java/security/PrivilegedActionException'> (0x00000000ebd9ddb0) thrown at [/HUDSON/workspace/8-2-build-linux-amd64/jdk8u25/1514/hotspot/src/share/vm/prims/jvm.cpp, line 1312]
Event: 23,881 Thread 0x00007f88fc0a6000 Exception <a 'java/security/PrivilegedActionException'> (0x00000000ebdace38) thrown at [/HUDSON/workspace/8-2-build-linux-amd64/jdk8u25/1514/hotspot/src/share/vm/prims/jvm.cpp, line 1312]
Event: 23,884 Thread 0x00007f88fc0a6000 Exception <a 'java/security/PrivilegedActionException'> (0x00000000ebdd41f8) thrown at [/HUDSON/workspace/8-2-build-linux-amd64/jdk8u25/1514/hotspot/src/share/vm/prims/jvm.cpp, line 1312]
Event: 23,887 Thread 0x00007f88fc0a6000 Exception <a 'java/security/PrivilegedActionException'> (0x00000000ebde3400) thrown at [/HUDSON/workspace/8-2-build-linux-amd64/jdk8u25/1514/hotspot/src/share/vm/prims/jvm.cpp, line 1312]
Event: 23,894 Thread 0x00007f88fc0a6000 Exception <a 'java/security/PrivilegedActionException'> (0x00000000ebe1a468) thrown at [/HUDSON/workspace/8-2-build-linux-amd64/jdk8u25/1514/hotspot/src/share/vm/prims/jvm.cpp, line 1312]
Event: 23,909 Thread 0x00007f88fc0a6000 Exception <a 'java/security/PrivilegedActionException'> (0x00000000ebe579b0) thrown at [/HUDSON/workspace/8-2-build-linux-amd64/jdk8u25/1514/hotspot/src/share/vm/prims/jvm.cpp, line 1312]
Event: 24,056 Thread 0x00007f88fc0a6000 Exception <a 'java/security/PrivilegedActionException'> (0x00000000ebf2d788) thrown at [/HUDSON/workspace/8-2-build-linux-amd64/jdk8u25/1514/hotspot/src/share/vm/prims/jvm.cpp, line 1312]
Event: 24,067 Thread 0x00007f88fc0a6000 Exception <a 'java/security/PrivilegedActionException'> (0x00000000ebf4a518) thrown at [/HUDSON/workspace/8-2-build-linux-amd64/jdk8u25/1514/hotspot/src/share/vm/prims/jvm.cpp, line 1312]
Event: 24,068 Thread 0x00007f88fc0a6000 Exception <a 'java/security/PrivilegedActionException'> (0x00000000ebf66a30) thrown at [/HUDSON/workspace/8-2-build-linux-amd64/jdk8u25/1514/hotspot/src/share/vm/prims/jvm.cpp, line 1312]
Event: 24,072 Thread 0x00007f88fc0a6000 Exception <a 'java/security/PrivilegedActionException'> (0x00000000ebf82690) thrown at [/HUDSON/workspace/8-2-build-linux-amd64/jdk8u25/1514/hotspot/src/share/vm/prims/jvm.cpp, line 1312]

Events (10 events):
Event: 28,300 Thread 0x00007f88fc0a6000 DEOPT PACKING pc=0x00007f8931896dee sp=0x00007f88ef68d9e0
Event: 28,300 Thread 0x00007f88fc0a6000 DEOPT UNPACKING pc=0x00007f8931046f73 sp=0x00007f88ef68d718 mode 0
Event: 28,303 Executing VM operation: RevokeBias
Event: 28,303 Executing VM operation: RevokeBias done
Event: 28,303 Executing VM operation: RevokeBias
Event: 28,303 Executing VM operation: RevokeBias done
Event: 28,386 Thread 0x00007f88fc0a6000 DEOPT PACKING pc=0x00007f893189a624 sp=0x00007f88ef68d9f0
Event: 28,386 Thread 0x00007f88fc0a6000 DEOPT UNPACKING pc=0x00007f8931046f73 sp=0x00007f88ef68d738 mode 0
Event: 28,389 Thread 0x00007f88fc0a6000 DEOPT PACKING pc=0x00007f8931899aa0 sp=0x00007f88ef68de60
Event: 28,389 Thread 0x00007f88fc0a6000 DEOPT UNPACKING pc=0x00007f8931046f73 sp=0x00007f88ef68db90 mode 0


Dynamic libraries:
00400000-00401000 r-xp 00000000 fc:01 1049657                            /opt/java/jdk1.8.0_25/bin/java
00600000-00601000 rw-p 00000000 fc:01 1049657                            /opt/java/jdk1.8.0_25/bin/java
00639000-00c33000 rw-p 00000000 00:00 0                                  [heap]
41047000-410e5000 rw-p 00000000 00:00 0 
41ca7000-41ca9000 r-xs 00000000 fc:01 1569872                            /tmp/glyNH5lj (deleted)
c2200000-c4500000 rw-p 00000000 00:00 0 
c4500000-eb600000 ---p 00000000 00:00 0 
eb600000-ed680000 rw-p 00000000 00:00 0 
ed680000-100000000 ---p 00000000 00:00 0 
100000000-100380000 rw-p 00000000 00:00 0 
100380000-140000000 ---p 00000000 00:00 0 
7f88e7c00000-7f88e8000000 rw-s 1358fc000 00:05 11552                     /dev/nvidia0
7f88e8000000-7f88e8021000 rw-p 00000000 00:00 0 
7f88e8021000-7f88ec000000 ---p 00000000 00:00 0 
7f88ec2c1000-7f88ec341000 rw-s bb6b8000 00:05 11552                      /dev/nvidia0
7f88ec341000-7f88ec381000 rw-p 00000000 00:00 0 
7f88ec381000-7f88ec541000 ---p 00000000 00:00 0 
7f88ec541000-7f88ec941000 rw-s 1afb8000 00:05 11552                      /dev/nvidia0
7f88ec941000-7f88ecb41000 rw-s 0b4bc000 00:05 11552                      /dev/nvidia0
7f88ecb41000-7f88edd46000 rw-p 00000000 00:00 0 
7f88edd46000-7f88eddf0000 r--p 00000000 fc:01 1046691                    /usr/share/fonts/truetype/dejavu/DejaVuSans-Bold.ttf
7f88eddf0000-7f88edff0000 rw-p 00000000 00:00 0 
7f88edff0000-7f88ee0a4000 r-xp 00000000 fc:01 1569873                    /tmp/sqlite-3.8.7-0c71e2fb-ed05-42ca-861c-0e217437f045-libsqlitejdbc.so
7f88ee0a4000-7f88ee2a4000 ---p 000b4000 fc:01 1569873                    /tmp/sqlite-3.8.7-0c71e2fb-ed05-42ca-861c-0e217437f045-libsqlitejdbc.so
7f88ee2a4000-7f88ee2a9000 rw-p 000b4000 fc:01 1569873                    /tmp/sqlite-3.8.7-0c71e2fb-ed05-42ca-861c-0e217437f045-libsqlitejdbc.so
7f88ee2a9000-7f88ee2c5000 r--s 00393000 fc:01 1049324                    /opt/java/jdk1.8.0_25/jre/lib/ext/cldrdata.jar
7f88ee2c5000-7f88ee2cf000 r--s 00116000 fc:01 1049311                    /opt/java/jdk1.8.0_25/jre/lib/ext/localedata.jar
7f88ee2cf000-7f88ee4cf000 rw-p 00000000 00:00 0 
7f88ee4cf000-7f88ee4d2000 ---p 00000000 00:00 0 
7f88ee4d2000-7f88ee5d0000 rw-p 00000000 00:00 0                          [stack:30105]
7f88ee5d0000-7f88ee686000 r--p 00000000 fc:01 1047350                    /usr/share/fonts/truetype/dejavu/DejaVuSans.ttf
7f88ee686000-7f88ee6c2000 r--p 00000000 fc:01 1049269                    /opt/java/jdk1.8.0_25/jre/lib/fonts/LucidaTypewriterRegular.ttf
7f88ee6c2000-7f88ee6d5000 r--p 00000000 fc:01 1049281                    /opt/java/jdk1.8.0_25/jre/lib/fonts/LucidaBrightDemiBold.ttf
7f88ee6d5000-7f88ee780000 r--p 00000000 fc:01 1049277                    /opt/java/jdk1.8.0_25/jre/lib/fonts/LucidaSansRegular.ttf
7f88ee780000-7f88ee7ce000 r--p 00000000 fc:01 1049283                    /opt/java/jdk1.8.0_25/jre/lib/fonts/LucidaSansDemiBold.ttf
7f88ee7ce000-7f88ee7e2000 r--p 00000000 fc:01 1049271                    /opt/java/jdk1.8.0_25/jre/lib/fonts/LucidaBrightItalic.ttf
7f88ee7e2000-7f88ee81c000 r--p 00000000 fc:01 1049275                    /opt/java/jdk1.8.0_25/jre/lib/fonts/LucidaTypewriterBold.ttf
7f88ee81c000-7f88ee82f000 r--p 00000000 fc:01 1049279                    /opt/java/jdk1.8.0_25/jre/lib/fonts/LucidaBrightDemiItalic.ttf
7f88ee82f000-7f88ee884000 r--p 00000000 fc:01 1049273                    /opt/java/jdk1.8.0_25/jre/lib/fonts/LucidaBrightRegular.ttf
7f88ee884000-7f88ee888000 r-xp 00000000 fc:01 1049249                    /opt/java/jdk1.8.0_25/jre/lib/amd64/libjavafx_font_pango.so
7f88ee888000-7f88eea87000 ---p 00004000 fc:01 1049249                    /opt/java/jdk1.8.0_25/jre/lib/amd64/libjavafx_font_pango.so
7f88eea87000-7f88eea88000 r--p 00003000 fc:01 1049249                    /opt/java/jdk1.8.0_25/jre/lib/amd64/libjavafx_font_pango.so
7f88eea88000-7f88eea89000 rw-p 00004000 fc:01 1049249                    /opt/java/jdk1.8.0_25/jre/lib/amd64/libjavafx_font_pango.so
7f88eea89000-7f88eec89000 rw-p 00000000 00:00 0 
7f88eec89000-7f88eec8e000 r--s 00084000 fc:01 1049295                    /opt/java/jdk1.8.0_25/jre/lib/jfr.jar
7f88eec8e000-7f88eec92000 r--s 00093000 fc:01 1049299                    /opt/java/jdk1.8.0_25/jre/lib/jsse.jar
7f88eec92000-7f88eee92000 rw-p 00000000 00:00 0 
7f88eee92000-7f88eeea0000 r--s 00000000 fc:01 1351800                    /var/cache/fontconfig/6aa41aa22e18b8fa06a12da28ea9c28b-le64.cache-4
7f88eeea0000-7f88eeea1000 r--s 00000000 fc:01 1351799                    /var/cache/fontconfig/c05880de57d1f5e948fdfacc138775d9-le64.cache-4
7f88eeea1000-7f88eeeac000 r--s 00000000 fc:01 1317720                    /var/cache/fontconfig/945677eb7aeaf62f1d50efc3fb3ec7d8-le64.cache-4
7f88eeeac000-7f88eeeae000 r--s 00000000 fc:01 1351792                    /var/cache/fontconfig/99e8ed0e538f840c565b6ed5dad60d56-le64.cache-4
7f88eeeae000-7f88eeeb4000 r--s 00000000 fc:01 1351791                    /var/cache/fontconfig/2cd17615ca594fa2959ae173292e504c-le64.cache-4
7f88eeeb4000-7f88eeeb5000 r--s 00000000 fc:01 1351790                    /var/cache/fontconfig/e7071f4a29fa870f4323321c154eba04-le64.cache-4
7f88eeeb5000-7f88eeeb6000 r--s 00000000 fc:01 1351788                    /var/cache/fontconfig/0d8c3b2ac0904cb8a57a757ad11a4a08-le64.cache-4
7f88eeeb6000-7f88eeebd000 r--s 00000000 fc:01 1351787                    /var/cache/fontconfig/a755afe4a08bf5b97852ceb7400b47bc-le64.cache-4
7f88eeebd000-7f88eeec9000 r--s 00000000 fc:01 1351786                    /var/cache/fontconfig/6d41288fd70b0be22e8c3a91e032eec0-le64.cache-4
7f88eeec9000-7f88eeecd000 r--s 00000000 fc:01 1351785                    /var/cache/fontconfig/de156ccd2eddbdc19d37a45b8b2aac9c-le64.cache-4
7f88eeecd000-7f88eeee1000 r--s 00000000 fc:01 1351782                    /var/cache/fontconfig/04aabc0a78ac019cf9454389977116d2-le64.cache-4
7f88eeee1000-7f88eeee5000 r--s 00000000 fc:01 1351777                    /var/cache/fontconfig/385c0604a188198f04d133e54aba7fe7-le64.cache-4
7f88eeee5000-7f88eeef7000 r--s 00000000 fc:01 1333060                    /var/cache/fontconfig/0bd3dc0958fa2205aaaa8ebb13e2872b-le64.cache-4
7f88eeef7000-7f88eeefc000 r--s 00000000 fc:01 1351774                    /var/cache/fontconfig/8801497958630a81b71ace7c5f9b32a8-le64.cache-4
7f88eeefc000-7f88eef37000 r--s 00000000 fc:01 1351766                    /var/cache/fontconfig/365b55f210c0a22e9a19e35191240f32-le64.cache-4
7f88eef37000-7f88eef3e000 r--s 00000000 fc:01 1351764                    /var/cache/fontconfig/3047814df9a2f067bd2d96a2b9c36e5a-le64.cache-4
7f88eef3e000-7f88eef44000 r--s 00000000 fc:01 1317665                    /var/cache/fontconfig/b47c4e1ecd0709278f4910c18777a504-le64.cache-4
7f88eef44000-7f88eef47000 r--s 00000000 fc:01 1317660                    /var/cache/fontconfig/e49e89034d371f0f9de17aab02136486-le64.cache-4
7f88eef47000-7f88eef5a000 r--s 00000000 fc:01 1316629                    /var/cache/fontconfig/d52a8644073d54c13679302ca1180695-le64.cache-4
7f88eef5a000-7f88eef73000 r--s 00000000 fc:01 1311933                    /var/cache/fontconfig/cabbd14511b9e8a55e92af97fb3a0461-le64.cache-4
7f88eef73000-7f88eef8a000 r--s 00000000 fc:01 1311116                    /var/cache/fontconfig/e13b20fdb08344e0e664864cc2ede53d-le64.cache-4
7f88eef8a000-7f88eef8f000 r-xp 00000000 fc:01 1049128                    /opt/java/jdk1.8.0_25/jre/lib/amd64/libjavafx_font_freetype.so
7f88eef8f000-7f88ef18e000 ---p 00005000 fc:01 1049128                    /opt/java/jdk1.8.0_25/jre/lib/amd64/libjavafx_font_freetype.so
7f88ef18e000-7f88ef18f000 r--p 00004000 fc:01 1049128                    /opt/java/jdk1.8.0_25/jre/lib/amd64/libjavafx_font_freetype.so
7f88ef18f000-7f88ef190000 rw-p 00005000 fc:01 1049128                    /opt/java/jdk1.8.0_25/jre/lib/amd64/libjavafx_font_freetype.so
7f88ef190000-7f88ef193000 r-xp 00000000 fc:01 1049137                    /opt/java/jdk1.8.0_25/jre/lib/amd64/libjavafx_font.so
7f88ef193000-7f88ef392000 ---p 00003000 fc:01 1049137                    /opt/java/jdk1.8.0_25/jre/lib/amd64/libjavafx_font.so
7f88ef392000-7f88ef393000 r--p 00002000 fc:01 1049137                    /opt/java/jdk1.8.0_25/jre/lib/amd64/libjavafx_font.so
7f88ef393000-7f88ef394000 rw-p 00003000 fc:01 1049137                    /opt/java/jdk1.8.0_25/jre/lib/amd64/libjavafx_font.so
7f88ef394000-7f88ef594000 rw-p 00000000 00:00 0 
7f88ef594000-7f88ef597000 ---p 00000000 00:00 0 
7f88ef597000-7f88ef695000 rw-p 00000000 00:00 0                          [stack:30097]
7f88ef695000-7f88ef698000 ---p 00000000 00:00 0 
7f88ef698000-7f88ef796000 rw-p 00000000 00:00 0                          [stack:30096]
7f88ef796000-7f88ef7c5000 r-xp 00000000 fc:01 268311                     /usr/lib/x86_64-linux-gnu/gtk-2.0/2.10.0/engines/libmurrine.so
7f88ef7c5000-7f88ef9c5000 ---p 0002f000 fc:01 268311                     /usr/lib/x86_64-linux-gnu/gtk-2.0/2.10.0/engines/libmurrine.so
7f88ef9c5000-7f88ef9c6000 r--p 0002f000 fc:01 268311                     /usr/lib/x86_64-linux-gnu/gtk-2.0/2.10.0/engines/libmurrine.so
7f88ef9c6000-7f88ef9c7000 rw-p 00030000 fc:01 268311                     /usr/lib/x86_64-linux-gnu/gtk-2.0/2.10.0/engines/libmurrine.so
7f88ef9c7000-7f88ef9d0000 r-xp 00000000 fc:01 263605                     /usr/lib/x86_64-linux-gnu/gtk-2.0/2.10.0/engines/libpixmap.so
7f88ef9d0000-7f88efbd0000 ---p 00009000 fc:01 263605                     /usr/lib/x86_64-linux-gnu/gtk-2.0/2.10.0/engines/libpixmap.so
7f88efbd0000-7f88efbd1000 r--p 00009000 fc:01 263605                     /usr/lib/x86_64-linux-gnu/gtk-2.0/2.10.0/engines/libpixmap.so
7f88efbd1000-7f88efbd2000 rw-p 0000a000 fc:01 263605                     /usr/lib/x86_64-linux-gnu/gtk-2.0/2.10.0/engines/libpixmap.so
7f88efbd2000-7f88efbfc000 r-xp 00000000 fc:01 1049149                    /opt/java/jdk1.8.0_25/jre/lib/amd64/libglass.so
7f88efbfc000-7f88efdfc000 ---p 0002a000 fc:01 1049149                    /opt/java/jdk1.8.0_25/jre/lib/amd64/libglass.so
7f88efdfc000-7f88efdfe000 r--p 0002a000 fc:01 1049149                    /opt/java/jdk1.8.0_25/jre/lib/amd64/libglass.so
7f88efdfe000-7f88efdff000 rw-p 0002c000 fc:01 1049149                    /opt/java/jdk1.8.0_25/jre/lib/amd64/libglass.so
7f88efdff000-7f88efe00000 rw-p 00000000 00:00 0 
7f88efe00000-7f88f0000000 rw-s 136bd6000 00:05 11552                     /dev/nvidia0
7f88f0000000-7f88f0d55000 rw-p 00000000 00:00 0 
7f88f0d55000-7f88f4000000 ---p 00000000 00:00 0 
7f88f4000000-7f88f4001000 r--s 00000000 fc:01 1351763                    /var/cache/fontconfig/0e827f0fe69c004e70bb34056289f28d-le64.cache-4
7f88f4001000-7f88f4002000 r--s 00000000 fc:01 1317672                    /var/cache/fontconfig/56cf4f4769d0f4abc89a4895d7bd3ae1-le64.cache-4
7f88f4002000-7f88f4020000 r--s 00000000 fc:01 1311002                    /var/cache/fontconfig/467c019e582ee353435ea5c21d137ef6-le64.cache-4
7f88f4020000-7f88f4120000 rw-s 8ab49000 00:05 11552                      /dev/nvidia0
7f88f4120000-7f88f4126000 r-xp 00000000 fc:01 6082                       /usr/lib/x86_64-linux-gnu/libdatrie.so.1.3.1
7f88f4126000-7f88f4325000 ---p 00006000 fc:01 6082                       /usr/lib/x86_64-linux-gnu/libdatrie.so.1.3.1
7f88f4325000-7f88f4326000 r--p 00005000 fc:01 6082                       /usr/lib/x86_64-linux-gnu/libdatrie.so.1.3.1
7f88f4326000-7f88f4327000 rw-p 00006000 fc:01 6082                       /usr/lib/x86_64-linux-gnu/libdatrie.so.1.3.1
7f88f4327000-7f88f432c000 r-xp 00000000 fc:01 3185                       /usr/lib/x86_64-linux-gnu/libXdmcp.so.6.0.0
7f88f432c000-7f88f452b000 ---p 00005000 fc:01 3185                       /usr/lib/x86_64-linux-gnu/libXdmcp.so.6.0.0
7f88f452b000-7f88f452c000 r--p 00004000 fc:01 3185                       /usr/lib/x86_64-linux-gnu/libXdmcp.so.6.0.0
7f88f452c000-7f88f452d000 rw-p 00005000 fc:01 3185                       /usr/lib/x86_64-linux-gnu/libXdmcp.so.6.0.0
7f88f452d000-7f88f452f000 r-xp 00000000 fc:01 1636                       /usr/lib/x86_64-linux-gnu/libXau.so.6.0.0
7f88f452f000-7f88f472f000 ---p 00002000 fc:01 1636                       /usr/lib/x86_64-linux-gnu/libXau.so.6.0.0
7f88f472f000-7f88f4730000 r--p 00002000 fc:01 1636                       /usr/lib/x86_64-linux-gnu/libXau.so.6.0.0
7f88f4730000-7f88f4731000 rw-p 00003000 fc:01 1636                       /usr/lib/x86_64-linux-gnu/libXau.so.6.0.0
7f88f4731000-7f88f474b000 r-xp 00000000 fc:01 1708                       /usr/lib/x86_64-linux-gnu/libgraphite2.so.3.0.1
7f88f474b000-7f88f494a000 ---p 0001a000 fc:01 1708                       /usr/lib/x86_64-linux-gnu/libgraphite2.so.3.0.1
7f88f494a000-7f88f494c000 r--p 00019000 fc:01 1708                       /usr/lib/x86_64-linux-gnu/libgraphite2.so.3.0.1
7f88f494c000-7f88f494d000 rw-p 0001b000 fc:01 1708                       /usr/lib/x86_64-linux-gnu/libgraphite2.so.3.0.1
7f88f494d000-7f88f64b5000 r-xp 00000000 fc:01 1233                       /usr/lib/nvidia-331/libnvidia-glcore.so.331.113
7f88f64b5000-7f88f66b4000 ---p 01b68000 fc:01 1233                       /usr/lib/nvidia-331/libnvidia-glcore.so.331.113
7f88f66b4000-7f88f713f000 rwxp 01b67000 fc:01 1233                       /usr/lib/nvidia-331/libnvidia-glcore.so.331.113
7f88f713f000-7f88f715c000 rwxp 00000000 00:00 0 
7f88f715c000-7f88f715f000 r-xp 00000000 fc:01 1234                       /usr/lib/nvidia-331/tls/libnvidia-tls.so.331.113
7f88f715f000-7f88f735e000 ---p 00003000 fc:01 1234                       /usr/lib/nvidia-331/tls/libnvidia-tls.so.331.113
7f88f735e000-7f88f735f000 rw-p 00002000 fc:01 1234                       /usr/lib/nvidia-331/tls/libnvidia-tls.so.331.113
7f88f735f000-7f88f739c000 r-xp 00000000 fc:01 532040                     /lib/x86_64-linux-gnu/libpcre.so.3.13.1
7f88f739c000-7f88f759b000 ---p 0003d000 fc:01 532040                     /lib/x86_64-linux-gnu/libpcre.so.3.13.1
7f88f759b000-7f88f759c000 r--p 0003c000 fc:01 532040                     /lib/x86_64-linux-gnu/libpcre.so.3.13.1
7f88f759c000-7f88f759d000 rw-p 0003d000 fc:01 532040                     /lib/x86_64-linux-gnu/libpcre.so.3.13.1
7f88f759d000-7f88f75a4000 r-xp 00000000 fc:01 811                        /usr/lib/x86_64-linux-gnu/libffi.so.6.0.1
7f88f75a4000-7f88f77a3000 ---p 00007000 fc:01 811                        /usr/lib/x86_64-linux-gnu/libffi.so.6.0.1
7f88f77a3000-7f88f77a4000 r--p 00006000 fc:01 811                        /usr/lib/x86_64-linux-gnu/libffi.so.6.0.1
7f88f77a4000-7f88f77a5000 rw-p 00007000 fc:01 811                        /usr/lib/x86_64-linux-gnu/libffi.so.6.0.1
7f88f77a5000-7f88f77cc000 r-xp 00000000 fc:01 533389                     /lib/x86_64-linux-gnu/libexpat.so.1.6.0
7f88f77cc000-7f88f79cc000 ---p 00027000 fc:01 533389                     /lib/x86_64-linux-gnu/libexpat.so.1.6.0
7f88f79cc000-7f88f79ce000 r--p 00027000 fc:01 533389                     /lib/x86_64-linux-gnu/libexpat.so.1.6.0
7f88f79ce000-7f88f79cf000 rw-p 00029000 fc:01 533389                     /lib/x86_64-linux-gnu/libexpat.so.1.6.0
7f88f79cf000-7f88f79d7000 r-xp 00000000 fc:01 3105                       /usr/lib/x86_64-linux-gnu/libthai.so.0.2.0
7f88f79d7000-7f88f7bd6000 ---p 00008000 fc:01 3105                       /usr/lib/x86_64-linux-gnu/libthai.so.0.2.0
7f88f7bd6000-7f88f7bd7000 r--p 00007000 fc:01 3105                       /usr/lib/x86_64-linux-gnu/libthai.so.0.2.0
7f88f7bd7000-7f88f7bd8000 rw-p 00008000 fc:01 3105                       /usr/lib/x86_64-linux-gnu/libthai.so.0.2.0
7f88f7bd8000-7f88f7bf5000 r-xp 00000000 fc:01 3143                       /usr/lib/x86_64-linux-gnu/libxcb.so.1.1.0
7f88f7bf5000-7f88f7df5000 ---p 0001d000 fc:01 3143                       /usr/lib/x86_64-linux-gnu/libxcb.so.1.1.0
7f88f7df5000-7f88f7df6000 r--p 0001d000 fc:01 3143                       /usr/lib/x86_64-linux-gnu/libxcb.so.1.1.0
7f88f7df6000-7f88f7df7000 rw-p 0001e000 fc:01 3143                       /usr/lib/x86_64-linux-gnu/libxcb.so.1.1.0
7f88f7df7000-7f88f7dff000 r-xp 00000000 fc:01 812                        /usr/lib/x86_64-linux-gnu/libxcb-render.so.0.0.0
7f88f7dff000-7f88f7ffe000 ---p 00008000 fc:01 812                        /usr/lib/x86_64-linux-gnu/libxcb-render.so.0.0.0
7f88f7ffe000-7f88f7fff000 r--p 00007000 fc:01 812                        /usr/lib/x86_64-linux-gnu/libxcb-render.so.0.0.0
7f88f7fff000-7f88f8000000 rw-p 00008000 fc:01 812                        /usr/lib/x86_64-linux-gnu/libxcb-render.so.0.0.0
7f88f8000000-7f88f8021000 rw-p 00000000 00:00 0 
7f88f8021000-7f88fc000000 ---p 00000000 00:00 0 
7f88fc000000-7f88fc0da000 rw-p 00000000 00:00 0 
7f88fc0da000-7f8900000000 ---p 00000000 00:00 0 
7f8900000000-7f8900021000 rw-p 00000000 00:00 0 
7f8900021000-7f8904000000 ---p 00000000 00:00 0 
7f8904000000-7f8904021000 rw-p 00000000 00:00 0 
7f8904021000-7f8908000000 ---p 00000000 00:00 0 
7f8908000000-7f89087b7000 rw-p 00000000 00:00 0 
7f89087b7000-7f890c000000 ---p 00000000 00:00 0 
7f890c000000-7f890c77a000 rw-p 00000000 00:00 0 
7f890c77a000-7f8910000000 ---p 00000000 00:00 0 
7f8910000000-7f8910021000 rw-p 00000000 00:00 0 
7f8910021000-7f8914000000 ---p 00000000 00:00 0 
7f8914000000-7f8914021000 rw-p 00000000 00:00 0 
7f8914021000-7f8918000000 ---p 00000000 00:00 0 
7f8918000000-7f891807d000 rw-p 00000000 00:00 0 
7f891807d000-7f891c000000 ---p 00000000 00:00 0 
7f891c000000-7f891c021000 rw-p 00000000 00:00 0 
7f891c021000-7f8920000000 ---p 00000000 00:00 0 
7f8920000000-7f8920021000 rw-p 00000000 00:00 0 
7f8920021000-7f8924000000 ---p 00000000 00:00 0 
7f8924000000-7f8924002000 r--s 00000000 fc:01 1317651                    /var/cache/fontconfig/4b14b093aebc79c320de5e86ae1d3314-le64.cache-4
7f8924002000-7f892400b000 r--s 00000000 fc:01 1316001                    /var/cache/fontconfig/3f7329c5293ffd510edef78f73874cfd-le64.cache-4
7f892400b000-7f8924016000 r--s 00000000 fc:01 1315384                    /var/cache/fontconfig/d589a48862398ed80a3d6066f4f56f4c-le64.cache-4
7f8924016000-7f8924041000 r--p 00000000 fc:01 270621                     /usr/share/locale-langpack/fr/LC_MESSAGES/gtk20-properties.mo
7f8924041000-7f8924067000 r--p 00000000 fc:01 275711                     /usr/share/locale-langpack/fr/LC_MESSAGES/libc.mo
7f8924067000-7f8924069000 r-xp 00000000 fc:01 2468                       /usr/lib/x86_64-linux-gnu/libxcb-shm.so.0.0.0
7f8924069000-7f8924268000 ---p 00002000 fc:01 2468                       /usr/lib/x86_64-linux-gnu/libxcb-shm.so.0.0.0
7f8924268000-7f8924269000 r--p 00001000 fc:01 2468                       /usr/lib/x86_64-linux-gnu/libxcb-shm.so.0.0.0
7f8924269000-7f892426a000 rw-p 00002000 fc:01 2468                       /usr/lib/x86_64-linux-gnu/libxcb-shm.so.0.0.0
7f892426a000-7f892428f000 r-xp 00000000 fc:01 523905                     /lib/x86_64-linux-gnu/libpng12.so.0.50.0
7f892428f000-7f892448e000 ---p 00025000 fc:01 523905                     /lib/x86_64-linux-gnu/libpng12.so.0.50.0
7f892448e000-7f892448f000 r--p 00024000 fc:01 523905                     /lib/x86_64-linux-gnu/libpng12.so.0.50.0
7f892448f000-7f8924490000 rw-p 00025000 fc:01 523905                     /lib/x86_64-linux-gnu/libpng12.so.0.50.0
7f8924490000-7f8924531000 r-xp 00000000 fc:01 5926                       /usr/lib/x86_64-linux-gnu/libpixman-1.so.0.30.2
7f8924531000-7f8924731000 ---p 000a1000 fc:01 5926                       /usr/lib/x86_64-linux-gnu/libpixman-1.so.0.30.2
7f8924731000-7f8924738000 r--p 000a1000 fc:01 5926                       /usr/lib/x86_64-linux-gnu/libpixman-1.so.0.30.2
7f8924738000-7f8924739000 rw-p 000a8000 fc:01 5926                       /usr/lib/x86_64-linux-gnu/libpixman-1.so.0.30.2
7f8924739000-7f892478c000 r-xp 00000000 fc:01 6442                       /usr/lib/x86_64-linux-gnu/libharfbuzz.so.0.927.0
7f892478c000-7f892498c000 ---p 00053000 fc:01 6442                       /usr/lib/x86_64-linux-gnu/libharfbuzz.so.0.927.0
7f892498c000-7f892498d000 r--p 00053000 fc:01 6442                       /usr/lib/x86_64-linux-gnu/libharfbuzz.so.0.927.0
7f892498d000-7f892498e000 rw-p 00054000 fc:01 6442                       /usr/lib/x86_64-linux-gnu/libharfbuzz.so.0.927.0
7f892498e000-7f89249a5000 r-xp 00000000 fc:01 528285                     /lib/x86_64-linux-gnu/libresolv-2.19.so
7f89249a5000-7f8924ba5000 ---p 00017000 fc:01 528285                     /lib/x86_64-linux-gnu/libresolv-2.19.so
7f8924ba5000-7f8924ba6000 r--p 00017000 fc:01 528285                     /lib/x86_64-linux-gnu/libresolv-2.19.so
7f8924ba6000-7f8924ba7000 rw-p 00018000 fc:01 528285                     /lib/x86_64-linux-gnu/libresolv-2.19.so
7f8924ba7000-7f8924ba9000 rw-p 00000000 00:00 0 
7f8924ba9000-7f8924bc9000 r-xp 00000000 fc:01 532761                     /lib/x86_64-linux-gnu/libselinux.so.1
7f8924bc9000-7f8924dc8000 ---p 00020000 fc:01 532761                     /lib/x86_64-linux-gnu/libselinux.so.1
7f8924dc8000-7f8924dc9000 r--p 0001f000 fc:01 532761                     /lib/x86_64-linux-gnu/libselinux.so.1
7f8924dc9000-7f8924dca000 rw-p 00020000 fc:01 532761                     /lib/x86_64-linux-gnu/libselinux.so.1
7f8924dca000-7f8924dcc000 rw-p 00000000 00:00 0 
7f8924dcc000-7f8924de4000 r-xp 00000000 fc:01 524007                     /lib/x86_64-linux-gnu/libz.so.1.2.8
7f8924de4000-7f8924fe3000 ---p 00018000 fc:01 524007                     /lib/x86_64-linux-gnu/libz.so.1.2.8
7f8924fe3000-7f8924fe4000 r--p 00017000 fc:01 524007                     /lib/x86_64-linux-gnu/libz.so.1.2.8
7f8924fe4000-7f8924fe5000 rw-p 00018000 fc:01 524007                     /lib/x86_64-linux-gnu/libz.so.1.2.8
7f8924fe5000-7f8924ff6000 r-xp 00000000 fc:01 814                        /usr/lib/x86_64-linux-gnu/libXext.so.6.4.0
7f8924ff6000-7f89251f5000 ---p 00011000 fc:01 814                        /usr/lib/x86_64-linux-gnu/libXext.so.6.4.0
7f89251f5000-7f89251f6000 r--p 00010000 fc:01 814                        /usr/lib/x86_64-linux-gnu/libXext.so.6.4.0
7f89251f6000-7f89251f7000 rw-p 00011000 fc:01 814                        /usr/lib/x86_64-linux-gnu/libXext.so.6.4.0
7f89251f7000-7f89251f9000 r-xp 00000000 fc:01 11894                      /usr/lib/x86_64-linux-gnu/libXdamage.so.1.1.0
7f89251f9000-7f89253f8000 ---p 00002000 fc:01 11894                      /usr/lib/x86_64-linux-gnu/libXdamage.so.1.1.0
7f89253f8000-7f89253f9000 r--p 00001000 fc:01 11894                      /usr/lib/x86_64-linux-gnu/libXdamage.so.1.1.0
7f89253f9000-7f89253fa000 rw-p 00002000 fc:01 11894                      /usr/lib/x86_64-linux-gnu/libXdamage.so.1.1.0
7f89253fa000-7f89253fc000 r-xp 00000000 fc:01 14319                      /usr/lib/x86_64-linux-gnu/libXcomposite.so.1.0.0
7f89253fc000-7f89255fb000 ---p 00002000 fc:01 14319                      /usr/lib/x86_64-linux-gnu/libXcomposite.so.1.0.0
7f89255fb000-7f89255fc000 r--p 00001000 fc:01 14319                      /usr/lib/x86_64-linux-gnu/libXcomposite.so.1.0.0
7f89255fc000-7f89255fd000 rw-p 00002000 fc:01 14319                      /usr/lib/x86_64-linux-gnu/libXcomposite.so.1.0.0
7f89255fd000-7f8925606000 r-xp 00000000 fc:01 2516                       /usr/lib/x86_64-linux-gnu/libXcursor.so.1.0.2
7f8925606000-7f8925805000 ---p 00009000 fc:01 2516                       /usr/lib/x86_64-linux-gnu/libXcursor.so.1.0.2
7f8925805000-7f8925806000 r--p 00008000 fc:01 2516                       /usr/lib/x86_64-linux-gnu/libXcursor.so.1.0.2
7f8925806000-7f8925807000 rw-p 00009000 fc:01 2516                       /usr/lib/x86_64-linux-gnu/libXcursor.so.1.0.2
7f8925807000-7f8925810000 r-xp 00000000 fc:01 2688                       /usr/lib/x86_64-linux-gnu/libXrandr.so.2.2.0
7f8925810000-7f8925a0f000 ---p 00009000 fc:01 2688                       /usr/lib/x86_64-linux-gnu/libXrandr.so.2.2.0
7f8925a0f000-7f8925a10000 r--p 00008000 fc:01 2688                       /usr/lib/x86_64-linux-gnu/libXrandr.so.2.2.0
7f8925a10000-7f8925a11000 rw-p 00009000 fc:01 2688                       /usr/lib/x86_64-linux-gnu/libXrandr.so.2.2.0
7f8925a11000-7f8925a20000 r-xp 00000000 fc:01 929                        /usr/lib/x86_64-linux-gnu/libXi.so.6.1.0
7f8925a20000-7f8925c1f000 ---p 0000f000 fc:01 929                        /usr/lib/x86_64-linux-gnu/libXi.so.6.1.0
7f8925c1f000-7f8925c20000 r--p 0000e000 fc:01 929                        /usr/lib/x86_64-linux-gnu/libXi.so.6.1.0
7f8925c20000-7f8925c21000 rw-p 0000f000 fc:01 929                        /usr/lib/x86_64-linux-gnu/libXi.so.6.1.0
7f8925c21000-7f8925c23000 r-xp 00000000 fc:01 3028                       /usr/lib/x86_64-linux-gnu/libXinerama.so.1.0.0
7f8925c23000-7f8925e22000 ---p 00002000 fc:01 3028                       /usr/lib/x86_64-linux-gnu/libXinerama.so.1.0.0
7f8925e22000-7f8925e23000 r--p 00001000 fc:01 3028                       /usr/lib/x86_64-linux-gnu/libXinerama.so.1.0.0
7f8925e23000-7f8925e24000 rw-p 00002000 fc:01 3028                       /usr/lib/x86_64-linux-gnu/libXinerama.so.1.0.0
7f8925e24000-7f8925e2d000 r-xp 00000000 fc:01 1159                       /usr/lib/x86_64-linux-gnu/libXrender.so.1.3.0
7f8925e2d000-7f892602c000 ---p 00009000 fc:01 1159                       /usr/lib/x86_64-linux-gnu/libXrender.so.1.3.0
7f892602c000-7f892602d000 r--p 00008000 fc:01 1159                       /usr/lib/x86_64-linux-gnu/libXrender.so.1.3.0
7f892602d000-7f892602e000 rw-p 00009000 fc:01 1159                       /usr/lib/x86_64-linux-gnu/libXrender.so.1.3.0
7f892602e000-7f8926033000 r-xp 00000000 fc:01 2960                       /usr/lib/x86_64-linux-gnu/libXfixes.so.3.1.0
7f8926033000-7f8926232000 ---p 00005000 fc:01 2960                       /usr/lib/x86_64-linux-gnu/libXfixes.so.3.1.0
7f8926232000-7f8926233000 r--p 00004000 fc:01 2960                       /usr/lib/x86_64-linux-gnu/libXfixes.so.3.1.0
7f8926233000-7f8926234000 rw-p 00005000 fc:01 2960                       /usr/lib/x86_64-linux-gnu/libXfixes.so.3.1.0
7f8926234000-7f892624a000 r-xp 00000000 fc:01 536993                     /lib/x86_64-linux-gnu/libgcc_s.so.1
7f892624a000-7f8926449000 ---p 00016000 fc:01 536993                     /lib/x86_64-linux-gnu/libgcc_s.so.1
7f8926449000-7f892644a000 rw-p 00015000 fc:01 536993                     /lib/x86_64-linux-gnu/libgcc_s.so.1
7f892644a000-7f8926530000 r-xp 00000000 fc:01 12178                      /usr/lib/x86_64-linux-gnu/libstdc++.so.6.0.19
7f8926530000-7f892672f000 ---p 000e6000 fc:01 12178                      /usr/lib/x86_64-linux-gnu/libstdc++.so.6.0.19
7f892672f000-7f8926737000 r--p 000e5000 fc:01 12178                      /usr/lib/x86_64-linux-gnu/libstdc++.so.6.0.19
7f8926737000-7f8926739000 rw-p 000ed000 fc:01 12178                      /usr/lib/x86_64-linux-gnu/libstdc++.so.6.0.19
7f8926739000-7f892674e000 rw-p 00000000 00:00 0 
7f892674e000-7f892682b000 r-xp 00000000 fc:01 1081                       /usr/lib/nvidia-331/libGL.so.331.113
7f892682b000-7f8926a2a000 ---p 000dd000 fc:01 1081                       /usr/lib/nvidia-331/libGL.so.331.113
7f8926a2a000-7f8926a6a000 rwxp 000dc000 fc:01 1081                       /usr/lib/nvidia-331/libGL.so.331.113
7f8926a6a000-7f8926a81000 rwxp 00000000 00:00 0 
7f8926a81000-7f8926a85000 r-xp 00000000 fc:01 3106                       /usr/lib/x86_64-linux-gnu/libXxf86vm.so.1.0.0
7f8926a85000-7f8926c85000 ---p 00004000 fc:01 3106                       /usr/lib/x86_64-linux-gnu/libXxf86vm.so.1.0.0
7f8926c85000-7f8926c86000 r--p 00004000 fc:01 3106                       /usr/lib/x86_64-linux-gnu/libXxf86vm.so.1.0.0
7f8926c86000-7f8926c87000 rw-p 00005000 fc:01 3106                       /usr/lib/x86_64-linux-gnu/libXxf86vm.so.1.0.0
7f8926c87000-7f8926db7000 r-xp 00000000 fc:01 662                        /usr/lib/x86_64-linux-gnu/libX11.so.6.3.0
7f8926db7000-7f8926fb7000 ---p 00130000 fc:01 662                        /usr/lib/x86_64-linux-gnu/libX11.so.6.3.0
7f8926fb7000-7f8926fb8000 r--p 00130000 fc:01 662                        /usr/lib/x86_64-linux-gnu/libX11.so.6.3.0
7f8926fb8000-7f8926fbc000 rw-p 00131000 fc:01 662                        /usr/lib/x86_64-linux-gnu/libX11.so.6.3.0
7f8926fbc000-7f8926fc1000 r-xp 00000000 fc:01 3095                       /usr/lib/x86_64-linux-gnu/libXtst.so.6.1.0
7f8926fc1000-7f89271c0000 ---p 00005000 fc:01 3095                       /usr/lib/x86_64-linux-gnu/libXtst.so.6.1.0
7f89271c0000-7f89271c1000 r--p 00004000 fc:01 3095                       /usr/lib/x86_64-linux-gnu/libXtst.so.6.1.0
7f89271c1000-7f89271c2000 rw-p 00005000 fc:01 3095                       /usr/lib/x86_64-linux-gnu/libXtst.so.6.1.0
7f89271c2000-7f89272c8000 r-xp 00000000 fc:01 523553                     /lib/x86_64-linux-gnu/libglib-2.0.so.0.4002.0
7f89272c8000-7f89274c7000 ---p 00106000 fc:01 523553                     /lib/x86_64-linux-gnu/libglib-2.0.so.0.4002.0
7f89274c7000-7f89274c8000 r--p 00105000 fc:01 523553                     /lib/x86_64-linux-gnu/libglib-2.0.so.0.4002.0
7f89274c8000-7f89274c9000 rw-p 00106000 fc:01 523553                     /lib/x86_64-linux-gnu/libglib-2.0.so.0.4002.0
7f89274c9000-7f89274ca000 rw-p 00000000 00:00 0 
7f89274ca000-7f89274cb000 r-xp 00000000 fc:01 5347                       /usr/lib/x86_64-linux-gnu/libgthread-2.0.so.0.4002.0
7f89274cb000-7f89276ca000 ---p 00001000 fc:01 5347                       /usr/lib/x86_64-linux-gnu/libgthread-2.0.so.0.4002.0
7f89276ca000-7f89276cb000 r--p 00000000 fc:01 5347                       /usr/lib/x86_64-linux-gnu/libgthread-2.0.so.0.4002.0
7f89276cb000-7f89276cc000 rw-p 00001000 fc:01 5347                       /usr/lib/x86_64-linux-gnu/libgthread-2.0.so.0.4002.0
7f89276cc000-7f89276cf000 r-xp 00000000 fc:01 1779                       /usr/lib/x86_64-linux-gnu/libgmodule-2.0.so.0.4002.0
7f89276cf000-7f89278ce000 ---p 00003000 fc:01 1779                       /usr/lib/x86_64-linux-gnu/libgmodule-2.0.so.0.4002.0
7f89278ce000-7f89278cf000 r--p 00002000 fc:01 1779                       /usr/lib/x86_64-linux-gnu/libgmodule-2.0.so.0.4002.0
7f89278cf000-7f89278d0000 rw-p 00003000 fc:01 1779                       /usr/lib/x86_64-linux-gnu/libgmodule-2.0.so.0.4002.0
7f89278d0000-7f892791f000 r-xp 00000000 fc:01 1783                       /usr/lib/x86_64-linux-gnu/libgobject-2.0.so.0.4002.0
7f892791f000-7f8927b1f000 ---p 0004f000 fc:01 1783                       /usr/lib/x86_64-linux-gnu/libgobject-2.0.so.0.4002.0
7f8927b1f000-7f8927b20000 r--p 0004f000 fc:01 1783                       /usr/lib/x86_64-linux-gnu/libgobject-2.0.so.0.4002.0
7f8927b20000-7f8927b21000 rw-p 00050000 fc:01 1783                       /usr/lib/x86_64-linux-gnu/libgobject-2.0.so.0.4002.0
7f8927b21000-7f8927b5b000 r-xp 00000000 fc:01 1881                       /usr/lib/x86_64-linux-gnu/libfontconfig.so.1.8.0
7f8927b5b000-7f8927d5a000 ---p 0003a000 fc:01 1881                       /usr/lib/x86_64-linux-gnu/libfontconfig.so.1.8.0
7f8927d5a000-7f8927d5c000 r--p 00039000 fc:01 1881                       /usr/lib/x86_64-linux-gnu/libfontconfig.so.1.8.0
7f8927d5c000-7f8927d5d000 rw-p 0003b000 fc:01 1881                       /usr/lib/x86_64-linux-gnu/libfontconfig.so.1.8.0
7f8927d5d000-7f8927dfa000 r-xp 00000000 fc:01 6567                       /usr/lib/x86_64-linux-gnu/libfreetype.so.6.11.1
7f8927dfa000-7f8927ff9000 ---p 0009d000 fc:01 6567                       /usr/lib/x86_64-linux-gnu/libfreetype.so.6.11.1
7f8927ff9000-7f8927fff000 r--p 0009c000 fc:01 6567                       /usr/lib/x86_64-linux-gnu/libfreetype.so.6.11.1
7f8927fff000-7f8928000000 rw-p 000a2000 fc:01 6567                       /usr/lib/x86_64-linux-gnu/libfreetype.so.6.11.1
7f8928000000-7f8928021000 rw-p 00000000 00:00 0 
7f8928021000-7f892c000000 ---p 00000000 00:00 0 
7f892c000000-7f892c001000 r--s 00000000 fc:01 1317666                    /var/cache/fontconfig/b9d506c9ac06c20b433354fa67a72993-le64.cache-4
7f892c001000-7f892c005000 r--s 00000000 fc:01 1333062                    /var/cache/fontconfig/7ef2298fde41cc6eeb7af42e48b7d293-le64.cache-4
7f892c005000-7f892c007000 r--s 00000000 fc:01 1333090                    /var/cache/fontconfig/16326683038b281783a0ef8c680e3a10-le64.cache-4
7f892c007000-7f892c014000 r--s 00000000 fc:01 1333081                    /var/cache/fontconfig/8f02d4cb045bd6ce15663e43f347c9f8-le64.cache-4
7f892c014000-7f892c015000 r--s 00000000 fc:01 1333078                    /var/cache/fontconfig/e0aa53bcfa504e64f87823c16bc01eb6-le64.cache-4
7f892c015000-7f892c024000 r--p 00000000 fc:01 270568                     /usr/share/locale-langpack/fr/LC_MESSAGES/gtk20.mo
7f892c024000-7f892c026000 rw-p 00000000 00:00 0 
7f892c026000-7f892c066000 rw-s bb4b5000 00:05 11552                      /dev/nvidia0
7f892c066000-7f892c12a000 rw-s a42da000 00:05 11552                      /dev/nvidia0
7f892c12a000-7f892c174000 r-xp 00000000 fc:01 4199                       /usr/lib/x86_64-linux-gnu/libpango-1.0.so.0.3600.3
7f892c174000-7f892c374000 ---p 0004a000 fc:01 4199                       /usr/lib/x86_64-linux-gnu/libpango-1.0.so.0.3600.3
7f892c374000-7f892c376000 r--p 0004a000 fc:01 4199                       /usr/lib/x86_64-linux-gnu/libpango-1.0.so.0.3600.3
7f892c376000-7f892c377000 rw-p 0004c000 fc:01 4199                       /usr/lib/x86_64-linux-gnu/libpango-1.0.so.0.3600.3
7f892c377000-7f892c47d000 r-xp 00000000 fc:01 6031                       /usr/lib/x86_64-linux-gnu/libcairo.so.2.11301.0
7f892c47d000-7f892c67c000 ---p 00106000 fc:01 6031                       /usr/lib/x86_64-linux-gnu/libcairo.so.2.11301.0
7f892c67c000-7f892c67f000 r--p 00105000 fc:01 6031                       /usr/lib/x86_64-linux-gnu/libcairo.so.2.11301.0
7f892c67f000-7f892c680000 rw-p 00108000 fc:01 6031                       /usr/lib/x86_64-linux-gnu/libcairo.so.2.11301.0
7f892c680000-7f892c682000 rw-p 00000000 00:00 0 
7f892c682000-7f892c68d000 r-xp 00000000 fc:01 7150                       /usr/lib/x86_64-linux-gnu/libpangocairo-1.0.so.0.3600.3
7f892c68d000-7f892c88d000 ---p 0000b000 fc:01 7150                       /usr/lib/x86_64-linux-gnu/libpangocairo-1.0.so.0.3600.3
7f892c88d000-7f892c88e000 r--p 0000b000 fc:01 7150                       /usr/lib/x86_64-linux-gnu/libpangocairo-1.0.so.0.3600.3
7f892c88e000-7f892c88f000 rw-p 0000c000 fc:01 7150                       /usr/lib/x86_64-linux-gnu/libpangocairo-1.0.so.0.3600.3
7f892c88f000-7f892c8ae000 r-xp 00000000 fc:01 1019                       /usr/lib/x86_64-linux-gnu/libgdk_pixbuf-2.0.so.0.3000.7
7f892c8ae000-7f892caae000 ---p 0001f000 fc:01 1019                       /usr/lib/x86_64-linux-gnu/libgdk_pixbuf-2.0.so.0.3000.7
7f892caae000-7f892caaf000 r--p 0001f000 fc:01 1019                       /usr/lib/x86_64-linux-gnu/libgdk_pixbuf-2.0.so.0.3000.7
7f892caaf000-7f892cab0000 rw-p 00020000 fc:01 1019                       /usr/lib/x86_64-linux-gnu/libgdk_pixbuf-2.0.so.0.3000.7
7f892cab0000-7f892cac4000 r-xp 00000000 fc:01 4205                       /usr/lib/x86_64-linux-gnu/libpangoft2-1.0.so.0.3600.3
7f892cac4000-7f892ccc3000 ---p 00014000 fc:01 4205                       /usr/lib/x86_64-linux-gnu/libpangoft2-1.0.so.0.3600.3
7f892ccc3000-7f892ccc4000 r--p 00013000 fc:01 4205                       /usr/lib/x86_64-linux-gnu/libpangoft2-1.0.so.0.3600.3
7f892ccc4000-7f892ccc5000 rw-p 00014000 fc:01 4205                       /usr/lib/x86_64-linux-gnu/libpangoft2-1.0.so.0.3600.3
7f892ccc5000-7f892ce31000 r-xp 00000000 fc:01 6339                       /usr/lib/x86_64-linux-gnu/libgio-2.0.so.0.4002.0
7f892ce31000-7f892d030000 ---p 0016c000 fc:01 6339                       /usr/lib/x86_64-linux-gnu/libgio-2.0.so.0.4002.0
7f892d030000-7f892d034000 r--p 0016b000 fc:01 6339                       /usr/lib/x86_64-linux-gnu/libgio-2.0.so.0.4002.0
7f892d034000-7f892d036000 rw-p 0016f000 fc:01 6339                       /usr/lib/x86_64-linux-gnu/libgio-2.0.so.0.4002.0
7f892d036000-7f892d038000 rw-p 00000000 00:00 0 
7f892d038000-7f892d057000 r-xp 00000000 fc:01 3210                       /usr/lib/x86_64-linux-gnu/libatk-1.0.so.0.21009.1
7f892d057000-7f892d257000 ---p 0001f000 fc:01 3210                       /usr/lib/x86_64-linux-gnu/libatk-1.0.so.0.21009.1
7f892d257000-7f892d259000 r--p 0001f000 fc:01 3210                       /usr/lib/x86_64-linux-gnu/libatk-1.0.so.0.21009.1
7f892d259000-7f892d25a000 rw-p 00021000 fc:01 3210                       /usr/lib/x86_64-linux-gnu/libatk-1.0.so.0.21009.1
7f892d25a000-7f892d307000 r-xp 00000000 fc:01 16076                      /usr/lib/x86_64-linux-gnu/libgdk-x11-2.0.so.0.2400.23
7f892d307000-7f892d506000 ---p 000ad000 fc:01 16076                      /usr/lib/x86_64-linux-gnu/libgdk-x11-2.0.so.0.2400.23
7f892d506000-7f892d50a000 r--p 000ac000 fc:01 16076                      /usr/lib/x86_64-linux-gnu/libgdk-x11-2.0.so.0.2400.23
7f892d50a000-7f892d50c000 rw-p 000b0000 fc:01 16076                      /usr/lib/x86_64-linux-gnu/libgdk-x11-2.0.so.0.2400.23
7f892d50c000-7f892d93b000 r-xp 00000000 fc:01 1210                       /usr/lib/x86_64-linux-gnu/libgtk-x11-2.0.so.0.2400.23
7f892d93b000-7f892db3a000 ---p 0042f000 fc:01 1210                       /usr/lib/x86_64-linux-gnu/libgtk-x11-2.0.so.0.2400.23
7f892db3a000-7f892db41000 r--p 0042e000 fc:01 1210                       /usr/lib/x86_64-linux-gnu/libgtk-x11-2.0.so.0.2400.23
7f892db41000-7f892db45000 rw-p 00435000 fc:01 1210                       /usr/lib/x86_64-linux-gnu/libgtk-x11-2.0.so.0.2400.23
7f892db45000-7f892db48000 rw-p 00000000 00:00 0 
7f892db48000-7f892db4a000 rw-s 00000000 fc:01 1569872                    /tmp/glyNH5lj (deleted)
7f892db4a000-7f892db51000 rw-s 8ab50000 00:05 11552                      /dev/nvidia0
7f892db51000-7f892db52000 rw-s d0006000 00:05 11552                      /dev/nvidia0
7f892db52000-7f892db53000 rw-s 8ab51000 00:05 11552                      /dev/nvidia0
7f892db53000-7f892db57000 rw-s 8ab55000 00:05 11552                      /dev/nvidia0
7f892db57000-7f892db58000 rw-s fdc08000 00:05 11552                      /dev/nvidia0
7f892db77000-7f892db78000 rw-p 00000000 00:00 0 
7f892db78000-7f892db79000 rw-s fd642000 00:05 11552                      /dev/nvidia0
7f892db79000-7f892db7a000 rw-s bb591000 00:05 11552                      /dev/nvidia0
7f892db7a000-7f892db7b000 rw-s fd641000 00:05 11552                      /dev/nvidia0
7f892db7b000-7f892db7c000 rw-s bb592000 00:05 11552                      /dev/nvidia0
7f892db7c000-7f892db88000 r-xp 00000000 fc:01 1049239                    /opt/java/jdk1.8.0_25/jre/lib/amd64/libprism_es2.so
7f892db88000-7f892dd87000 ---p 0000c000 fc:01 1049239                    /opt/java/jdk1.8.0_25/jre/lib/amd64/libprism_es2.so
7f892dd87000-7f892dd88000 r--p 0000b000 fc:01 1049239                    /opt/java/jdk1.8.0_25/jre/lib/amd64/libprism_es2.so
7f892dd88000-7f892dd89000 rw-p 0000c000 fc:01 1049239                    /opt/java/jdk1.8.0_25/jre/lib/amd64/libprism_es2.so
7f892dd89000-7f892dd8c000 ---p 00000000 00:00 0 
7f892dd8c000-7f892de8a000 rw-p 00000000 00:00 0                          [stack:30095]
7f892de8a000-7f892de8d000 ---p 00000000 00:00 0 
7f892de8d000-7f892dfbc000 rw-p 00000000 00:00 0                          [stack:30094]
7f892dfbc000-7f892dfd2000 r-xp 00000000 fc:01 1049205                    /opt/java/jdk1.8.0_25/jre/lib/amd64/libnet.so
7f892dfd2000-7f892e1d2000 ---p 00016000 fc:01 1049205                    /opt/java/jdk1.8.0_25/jre/lib/amd64/libnet.so
7f892e1d2000-7f892e1d3000 rw-p 00016000 fc:01 1049205                    /opt/java/jdk1.8.0_25/jre/lib/amd64/libnet.so
7f892e1d3000-7f892e25f000 r--s 00fea000 fc:01 1049321                    /opt/java/jdk1.8.0_25/jre/lib/ext/jfxrt.jar
7f892e25f000-7f892e262000 ---p 00000000 00:00 0 
7f892e262000-7f892e360000 rw-p 00000000 00:00 0                          [stack:30093]
7f892e360000-7f892e361000 r-xp 00000000 fc:00 1442629                    /home/philippe/opt/idea-IC/bin/libbreakgen64.so
7f892e361000-7f892e560000 ---p 00001000 fc:00 1442629                    /home/philippe/opt/idea-IC/bin/libbreakgen64.so
7f892e560000-7f892e561000 r--p 00000000 fc:00 1442629                    /home/philippe/opt/idea-IC/bin/libbreakgen64.so
7f892e561000-7f892e562000 rw-p 00001000 fc:00 1442629                    /home/philippe/opt/idea-IC/bin/libbreakgen64.so
7f892e562000-7f892e564000 r--s 00016000 fc:00 1441908                    /home/philippe/opt/idea-IC/lib/idea_rt.jar
7f892e564000-7f892e567000 r--s 003c4000 fc:00 5100654                    /home/philippe/src/git-repo/bankaccount/lib/sqlite-jdbc-3.8.7.jar
7f892e567000-7f892e56a000 r--s 00022000 fc:00 5100663                    /home/philippe/src/git-repo/bankaccount/lib/openjfx-dialogs-1.0.2.jar
7f892e56a000-7f892e57c000 r--s 000d8000 fc:00 5100658                    /home/philippe/src/git-repo/bankaccount/lib/controlsfx-8.20.8.jar
7f892e57c000-7f892e595000 r--s 001ea000 fc:01 1049339                    /opt/java/jdk1.8.0_25/jre/lib/deploy.jar
7f892e595000-7f892e597000 r--s 00007000 fc:01 1049402                    /opt/java/jdk1.8.0_25/jre/lib/jfxswt.jar
7f892e597000-7f892e598000 ---p 00000000 00:00 0 
7f892e598000-7f892e698000 rw-p 00000000 00:00 0                          [stack:30091]
7f892e698000-7f892e69b000 ---p 00000000 00:00 0 
7f892e69b000-7f892e799000 rw-p 00000000 00:00 0                          [stack:30090]
7f892e799000-7f892e79c000 ---p 00000000 00:00 0 
7f892e79c000-7f892e89a000 rw-p 00000000 00:00 0                          [stack:30087]
7f892e89a000-7f892e89d000 ---p 00000000 00:00 0 
7f892e89d000-7f892e99b000 rw-p 00000000 00:00 0                          [stack:30086]
7f892e99b000-7f892e99e000 ---p 00000000 00:00 0 
7f892e99e000-7f892ea9c000 rw-p 00000000 00:00 0                          [stack:30084]
7f892ea9c000-7f892eadb000 r--p 00000000 fc:01 583440                     /usr/lib/locale/fr_FR.utf8/LC_CTYPE
7f892eadb000-7f892ec0b000 r--p 00000000 fc:01 583445                     /usr/lib/locale/fr_FR.utf8/LC_COLLATE
7f892ec0b000-7f892ec0e000 ---p 00000000 00:00 0 
7f892ec0e000-7f892ed0c000 rw-p 00000000 00:00 0                          [stack:30082]
7f892ed0c000-7f892ed0f000 ---p 00000000 00:00 0 
7f892ed0f000-7f892ee0d000 rw-p 00000000 00:00 0                          [stack:30080]
7f892ee0d000-7f892ee0e000 ---p 00000000 00:00 0 
7f892ee0e000-7f8931000000 rw-p 00000000 00:00 0                          [stack:30078]
7f8931000000-7f89319a0000 rwxp 00000000 00:00 0 
7f89319a0000-7f8940000000 ---p 00000000 00:00 0 
7f8940000000-7f8940431000 rw-p 00000000 00:00 0 
7f8940431000-7f8944000000 ---p 00000000 00:00 0 
7f8944000000-7f8944001000 rw-s 31041000 00:05 11552                      /dev/nvidia0
7f8944001000-7f8944006000 r--s 00084000 fc:01 1049295                    /opt/java/jdk1.8.0_25/jre/lib/jfr.jar
7f8944006000-7f894400b000 r--s 002f8000 fc:01 1049122                    /opt/java/jdk1.8.0_25/jre/lib/charsets.jar
7f894400b000-7f894401e000 r--s 00344000 fc:01 1049393                    /opt/java/jdk1.8.0_25/jre/lib/resources.jar
7f894401e000-7f89447b6000 rw-p 00000000 00:00 0 
7f89447b6000-7f894498c000 r--s 03caa000 fc:01 1049293                    /opt/java/jdk1.8.0_25/jre/lib/rt.jar
7f894498c000-7f89453f1000 rw-p 00000000 00:00 0 
7f89453f1000-7f89453f2000 ---p 00000000 00:00 0 
7f89453f2000-7f89454f2000 rw-p 00000000 00:00 0                          [stack:30075]
7f89454f2000-7f89454f3000 ---p 00000000 00:00 0 
7f89454f3000-7f8945605000 rw-p 00000000 00:00 0                          [stack:30073]
7f8945605000-7f894573d000 ---p 00000000 00:00 0 
7f894573d000-7f894574f000 rw-p 00000000 00:00 0 
7f894574f000-7f8945887000 ---p 00000000 00:00 0 
7f8945887000-7f8945898000 rw-p 00000000 00:00 0 
7f8945898000-7f894592c000 ---p 00000000 00:00 0 
7f894592c000-7f8945954000 rw-p 00000000 00:00 0 
7f8945954000-7f8945ced000 ---p 00000000 00:00 0 
7f8945ced000-7f8945d07000 r-xp 00000000 fc:01 1049193                    /opt/java/jdk1.8.0_25/jre/lib/amd64/libzip.so
7f8945d07000-7f8945f07000 ---p 0001a000 fc:01 1049193                    /opt/java/jdk1.8.0_25/jre/lib/amd64/libzip.so
7f8945f07000-7f8945f08000 rw-p 0001a000 fc:01 1049193                    /opt/java/jdk1.8.0_25/jre/lib/amd64/libzip.so
7f8945f08000-7f8945f13000 r-xp 00000000 fc:01 564513                     /lib/x86_64-linux-gnu/libnss_files-2.19.so
7f8945f13000-7f8946112000 ---p 0000b000 fc:01 564513                     /lib/x86_64-linux-gnu/libnss_files-2.19.so
7f8946112000-7f8946113000 r--p 0000a000 fc:01 564513                     /lib/x86_64-linux-gnu/libnss_files-2.19.so
7f8946113000-7f8946114000 rw-p 0000b000 fc:01 564513                     /lib/x86_64-linux-gnu/libnss_files-2.19.so
7f8946114000-7f894611f000 r-xp 00000000 fc:01 564612                     /lib/x86_64-linux-gnu/libnss_nis-2.19.so
7f894611f000-7f894631e000 ---p 0000b000 fc:01 564612                     /lib/x86_64-linux-gnu/libnss_nis-2.19.so
7f894631e000-7f894631f000 r--p 0000a000 fc:01 564612                     /lib/x86_64-linux-gnu/libnss_nis-2.19.so
7f894631f000-7f8946320000 rw-p 0000b000 fc:01 564612                     /lib/x86_64-linux-gnu/libnss_nis-2.19.so
7f8946320000-7f8946337000 r-xp 00000000 fc:01 564565                     /lib/x86_64-linux-gnu/libnsl-2.19.so
7f8946337000-7f8946536000 ---p 00017000 fc:01 564565                     /lib/x86_64-linux-gnu/libnsl-2.19.so
7f8946536000-7f8946537000 r--p 00016000 fc:01 564565                     /lib/x86_64-linux-gnu/libnsl-2.19.so
7f8946537000-7f8946538000 rw-p 00017000 fc:01 564565                     /lib/x86_64-linux-gnu/libnsl-2.19.so
7f8946538000-7f894653a000 rw-p 00000000 00:00 0 
7f894653a000-7f8946543000 r-xp 00000000 fc:01 564561                     /lib/x86_64-linux-gnu/libnss_compat-2.19.so
7f8946543000-7f8946742000 ---p 00009000 fc:01 564561                     /lib/x86_64-linux-gnu/libnss_compat-2.19.so
7f8946742000-7f8946743000 r--p 00008000 fc:01 564561                     /lib/x86_64-linux-gnu/libnss_compat-2.19.so
7f8946743000-7f8946744000 rw-p 00009000 fc:01 564561                     /lib/x86_64-linux-gnu/libnss_compat-2.19.so
7f8946744000-7f894676e000 r-xp 00000000 fc:01 1049147                    /opt/java/jdk1.8.0_25/jre/lib/amd64/libjava.so
7f894676e000-7f894696e000 ---p 0002a000 fc:01 1049147                    /opt/java/jdk1.8.0_25/jre/lib/amd64/libjava.so
7f894696e000-7f8946970000 rw-p 0002a000 fc:01 1049147                    /opt/java/jdk1.8.0_25/jre/lib/amd64/libjava.so
7f8946970000-7f894697d000 r-xp 00000000 fc:01 1049178                    /opt/java/jdk1.8.0_25/jre/lib/amd64/libverify.so
7f894697d000-7f8946b7d000 ---p 0000d000 fc:01 1049178                    /opt/java/jdk1.8.0_25/jre/lib/amd64/libverify.so
7f8946b7d000-7f8946b7f000 rw-p 0000d000 fc:01 1049178                    /opt/java/jdk1.8.0_25/jre/lib/amd64/libverify.so
7f8946b7f000-7f8946b86000 r-xp 00000000 fc:01 564600                     /lib/x86_64-linux-gnu/librt-2.19.so
7f8946b86000-7f8946d85000 ---p 00007000 fc:01 564600                     /lib/x86_64-linux-gnu/librt-2.19.so
7f8946d85000-7f8946d86000 r--p 00006000 fc:01 564600                     /lib/x86_64-linux-gnu/librt-2.19.so
7f8946d86000-7f8946d87000 rw-p 00007000 fc:01 564600                     /lib/x86_64-linux-gnu/librt-2.19.so
7f8946d87000-7f8946e8c000 r-xp 00000000 fc:01 564506                     /lib/x86_64-linux-gnu/libm-2.19.so
7f8946e8c000-7f894708b000 ---p 00105000 fc:01 564506                     /lib/x86_64-linux-gnu/libm-2.19.so
7f894708b000-7f894708c000 r--p 00104000 fc:01 564506                     /lib/x86_64-linux-gnu/libm-2.19.so
7f894708c000-7f894708d000 rw-p 00105000 fc:01 564506                     /lib/x86_64-linux-gnu/libm-2.19.so
7f894708d000-7f8947cfa000 r-xp 00000000 fc:01 1049226                    /opt/java/jdk1.8.0_25/jre/lib/amd64/server/libjvm.so
7f8947cfa000-7f8947ef9000 ---p 00c6d000 fc:01 1049226                    /opt/java/jdk1.8.0_25/jre/lib/amd64/server/libjvm.so
7f8947ef9000-7f8947fcf000 rw-p 00c6c000 fc:01 1049226                    /opt/java/jdk1.8.0_25/jre/lib/amd64/server/libjvm.so
7f8947fcf000-7f8948012000 rw-p 00000000 00:00 0 
7f8948012000-7f89481cd000 r-xp 00000000 fc:01 564587                     /lib/x86_64-linux-gnu/libc-2.19.so
7f89481cd000-7f89483cc000 ---p 001bb000 fc:01 564587                     /lib/x86_64-linux-gnu/libc-2.19.so
7f89483cc000-7f89483d0000 r--p 001ba000 fc:01 564587                     /lib/x86_64-linux-gnu/libc-2.19.so
7f89483d0000-7f89483d2000 rw-p 001be000 fc:01 564587                     /lib/x86_64-linux-gnu/libc-2.19.so
7f89483d2000-7f89483d7000 rw-p 00000000 00:00 0 
7f89483d7000-7f89483da000 r-xp 00000000 fc:01 564536                     /lib/x86_64-linux-gnu/libdl-2.19.so
7f89483da000-7f89485d9000 ---p 00003000 fc:01 564536                     /lib/x86_64-linux-gnu/libdl-2.19.so
7f89485d9000-7f89485da000 r--p 00002000 fc:01 564536                     /lib/x86_64-linux-gnu/libdl-2.19.so
7f89485da000-7f89485db000 rw-p 00003000 fc:01 564536                     /lib/x86_64-linux-gnu/libdl-2.19.so
7f89485db000-7f89485f0000 r-xp 00000000 fc:01 804337                     /opt/java/jdk1.8.0_25/lib/amd64/jli/libjli.so
7f89485f0000-7f89487ef000 ---p 00015000 fc:01 804337                     /opt/java/jdk1.8.0_25/lib/amd64/jli/libjli.so
7f89487ef000-7f89487f0000 rw-p 00014000 fc:01 804337                     /opt/java/jdk1.8.0_25/lib/amd64/jli/libjli.so
7f89487f0000-7f8948809000 r-xp 00000000 fc:01 564591                     /lib/x86_64-linux-gnu/libpthread-2.19.so
7f8948809000-7f8948a08000 ---p 00019000 fc:01 564591                     /lib/x86_64-linux-gnu/libpthread-2.19.so
7f8948a08000-7f8948a09000 r--p 00018000 fc:01 564591                     /lib/x86_64-linux-gnu/libpthread-2.19.so
7f8948a09000-7f8948a0a000 rw-p 00019000 fc:01 564591                     /lib/x86_64-linux-gnu/libpthread-2.19.so
7f8948a0a000-7f8948a0e000 rw-p 00000000 00:00 0 
7f8948a0e000-7f8948a31000 r-xp 00000000 fc:01 564574                     /lib/x86_64-linux-gnu/ld-2.19.so
7f8948a31000-7f8948a32000 rw-s fd060000 00:05 11552                      /dev/nvidia0
7f8948a32000-7f8948a34000 r--s 0001a000 fc:01 1049124                    /opt/java/jdk1.8.0_25/jre/lib/jce.jar
7f8948a34000-7f8948a3e000 r--s 00069000 fc:01 1048371                    /opt/java/jdk1.8.0_25/jre/lib/javaws.jar
7f8948a3e000-7f8948a51000 r--s 000d5000 fc:01 1049120                    /opt/java/jdk1.8.0_25/jre/lib/plugin.jar
7f8948a51000-7f8948af5000 rw-p 00000000 00:00 0 
7f8948af5000-7f8948af8000 ---p 00000000 00:00 0 
7f8948af8000-7f8948bfa000 rw-p 00000000 00:00 0                          [stack:30070]
7f8948bfa000-7f8948bfb000 r--s 00000000 fc:01 1049287                    /opt/java/jdk1.8.0_25/jre/lib/management-agent.jar
7f8948bfb000-7f8948bff000 r--s 00093000 fc:01 1049299                    /opt/java/jdk1.8.0_25/jre/lib/jsse.jar
7f8948bff000-7f8948c00000 r--p 00000000 fc:01 660059                     /usr/lib/locale/fr_FR.utf8/LC_NUMERIC
7f8948c00000-7f8948c01000 r--p 00000000 fc:01 660079                     /usr/lib/locale/fr_FR.utf8/LC_TIME
7f8948c01000-7f8948c02000 r--p 00000000 fc:01 660080                     /usr/lib/locale/fr_FR.utf8/LC_MONETARY
7f8948c02000-7f8948c03000 r--p 00000000 fc:01 660063                     /usr/lib/locale/fr_FR.utf8/LC_MESSAGES/SYS_LC_MESSAGES
7f8948c03000-7f8948c04000 r--p 00000000 fc:01 6928                       /usr/lib/locale/fr_FR.utf8/LC_PAPER
7f8948c04000-7f8948c05000 r--p 00000000 fc:01 660054                     /usr/lib/locale/fr_FR.utf8/LC_NAME
7f8948c05000-7f8948c06000 r--p 00000000 fc:01 660082                     /usr/lib/locale/fr_FR.utf8/LC_ADDRESS
7f8948c06000-7f8948c07000 r--p 00000000 fc:01 660084                     /usr/lib/locale/fr_FR.utf8/LC_TELEPHONE
7f8948c07000-7f8948c08000 r--p 00000000 fc:01 3344                       /usr/lib/locale/fr_FR.utf8/LC_MEASUREMENT
7f8948c08000-7f8948c0f000 r--s 00000000 fc:01 304551                     /usr/lib/x86_64-linux-gnu/gconv/gconv-modules.cache
7f8948c0f000-7f8948c10000 r--p 00000000 fc:01 660085                     /usr/lib/locale/fr_FR.utf8/LC_IDENTIFICATION
7f8948c10000-7f8948c24000 rw-p 00000000 00:00 0 
7f8948c24000-7f8948c2c000 rw-s 00000000 fc:01 1569851                    /tmp/hsperfdata_philippe/30067
7f8948c2c000-7f8948c2d000 rw-p 00000000 00:00 0 
7f8948c2d000-7f8948c2e000 r--p 00000000 00:00 0 
7f8948c2e000-7f8948c30000 rw-p 00000000 00:00 0 
7f8948c30000-7f8948c31000 r--p 00022000 fc:01 564574                     /lib/x86_64-linux-gnu/ld-2.19.so
7f8948c31000-7f8948c32000 rw-p 00023000 fc:01 564574                     /lib/x86_64-linux-gnu/ld-2.19.so
7f8948c32000-7f8948c33000 rw-p 00000000 00:00 0 
7fff1e2a2000-7fff1e2c3000 rw-p 00000000 00:00 0                          [stack]
7fff1e384000-7fff1e386000 r-xp 00000000 00:00 0                          [vdso]
ffffffffff600000-ffffffffff601000 r-xp 00000000 00:00 0                  [vsyscall]

VM Arguments:
jvm_args: -Didea.launcher.port=7534 -Didea.launcher.bin.path=/home/philippe/opt/idea-IC/bin -Dfile.encoding=UTF-8 
java_command: com.intellij.rt.execution.application.AppMain com.philippejung.bankaccount.main.MainApp
java_class_path (initial): /opt/java/jdk1.8.0_25/jre/lib/plugin.jar:/opt/java/jdk1.8.0_25/jre/lib/resources.jar:/opt/java/jdk1.8.0_25/jre/lib/javaws.jar:/opt/java/jdk1.8.0_25/jre/lib/jsse.jar:/opt/java/jdk1.8.0_25/jre/lib/rt.jar:/opt/java/jdk1.8.0_25/jre/lib/charsets.jar:/opt/java/jdk1.8.0_25/jre/lib/jfr.jar:/opt/java/jdk1.8.0_25/jre/lib/jce.jar:/opt/java/jdk1.8.0_25/jre/lib/jfxswt.jar:/opt/java/jdk1.8.0_25/jre/lib/deploy.jar:/opt/java/jdk1.8.0_25/jre/lib/management-agent.jar:/opt/java/jdk1.8.0_25/jre/lib/ext/sunjce_provider.jar:/opt/java/jdk1.8.0_25/jre/lib/ext/zipfs.jar:/opt/java/jdk1.8.0_25/jre/lib/ext/sunec.jar:/opt/java/jdk1.8.0_25/jre/lib/ext/jfxrt.jar:/opt/java/jdk1.8.0_25/jre/lib/ext/nashorn.jar:/opt/java/jdk1.8.0_25/jre/lib/ext/sunpkcs11.jar:/opt/java/jdk1.8.0_25/jre/lib/ext/cldrdata.jar:/opt/java/jdk1.8.0_25/jre/lib/ext/dnsns.jar:/opt/java/jdk1.8.0_25/jre/lib/ext/localedata.jar:/home/philippe/src/git-repo/bankaccount/out/production/bankaccount:/home/philippe/src/git-repo/bankaccount/lib/controlsfx-8.20.8.jar:/home/philippe/src/git-repo/bankaccount/lib/openjfx-dialogs-1.0.2.jar:/home/philippe/src/git-repo/bankaccount/lib/sqlite-jdbc-3.8.7.jar:/home/philippe/opt/idea-IC/lib/idea_rt.jar
Launcher Type: SUN_STANDARD

Environment Variables:
CLASSPATH=/home/philippe/opt/idea-IC/bin/../lib/bootstrap.jar:/home/philippe/opt/idea-IC/bin/../lib/extensions.jar:/home/philippe/opt/idea-IC/bin/../lib/util.jar:/home/philippe/opt/idea-IC/bin/../lib/jdom.jar:/home/philippe/opt/idea-IC/bin/../lib/log4j.jar:/home/philippe/opt/idea-IC/bin/../lib/trove4j.jar:/home/philippe/opt/idea-IC/bin/../lib/jna.jar:/opt/java/jdk1.8.0_25/lib/tools.jar
PATH=/usr/local/sbin:/usr/local/bin:/usr/sbin:/usr/bin:/sbin:/bin:/usr/games:/usr/local/games
USERNAME=philippe
LD_LIBRARY_PATH=/home/philippe/opt/idea-IC/bin:
SHELL=/bin/bash
DISPLAY=:0

Signal Handlers:
SIGSEGV: [libjvm.so+0xa79a80], sa_mask[0]=11111111011111111101111111111110, sa_flags=SA_RESTART|SA_SIGINFO
SIGBUS: [libjvm.so+0xa79a80], sa_mask[0]=11111111011111111101111111111110, sa_flags=SA_RESTART|SA_SIGINFO
SIGFPE: [libjvm.so+0x8e24e0], sa_mask[0]=11111111011111111101111111111110, sa_flags=SA_RESTART|SA_SIGINFO
SIGPIPE: SIG_IGN, sa_mask[0]=00000000000010000000000000000000, sa_flags=SA_RESTART
SIGXFSZ: [libjvm.so+0x8e24e0], sa_mask[0]=11111111011111111101111111111110, sa_flags=SA_RESTART|SA_SIGINFO
SIGILL: [libjvm.so+0x8e24e0], sa_mask[0]=11111111011111111101111111111110, sa_flags=SA_RESTART|SA_SIGINFO
SIGUSR1: SIG_DFL, sa_mask[0]=00000000000000000000000000000000, sa_flags=none
SIGUSR2: [libjvm.so+0x8e3d10], sa_mask[0]=00100000000000000000000000000000, sa_flags=SA_RESTART|SA_SIGINFO
SIGHUP: [libjvm.so+0x8e50d0], sa_mask[0]=11111111011111111101111111111110, sa_flags=SA_RESTART|SA_SIGINFO
SIGINT: [libjvm.so+0x8e50d0], sa_mask[0]=11111111011111111101111111111110, sa_flags=SA_RESTART|SA_SIGINFO
SIGTERM: [libjvm.so+0x8e50d0], sa_mask[0]=11111111011111111101111111111110, sa_flags=SA_RESTART|SA_SIGINFO
SIGQUIT: [libjvm.so+0x8e50d0], sa_mask[0]=11111111011111111101111111111110, sa_flags=SA_RESTART|SA_SIGINFO


---------------  S Y S T E M  ---------------

OS:DISTRIB_ID=LinuxMint
DISTRIB_RELEASE=17.1
DISTRIB_CODENAME=rebecca
DISTRIB_DESCRIPTION="Linux Mint 17.1 Rebecca"

uname:Linux 3.13.0-45-generic #74-Ubuntu SMP Tue Jan 13 19:36:28 UTC 2015 x86_64
libc:glibc 2.19 NPTL 2.19 
rlimit: STACK 8192k, CORE 0k, NPROC 31444, NOFILE 4096, AS infinity
load average:4,61 4,00 3,67

/proc/meminfo:
MemTotal:        4047580 kB
MemFree:          129188 kB
Buffers:            3152 kB
Cached:           438836 kB
SwapCached:        98488 kB
Active:          2372176 kB
Inactive:        1088880 kB
Active(anon):    2161648 kB
Inactive(anon):   884772 kB
Active(file):     210528 kB
Inactive(file):   204108 kB
Unevictable:         324 kB
Mlocked:             324 kB
SwapTotal:       4063228 kB
SwapFree:        3137660 kB
Dirty:             10896 kB
Writeback:             0 kB
AnonPages:       2958876 kB
Mapped:           179976 kB
Shmem:             27284 kB
Slab:             221832 kB
SReclaimable:     182160 kB
SUnreclaim:        39672 kB
KernelStack:        5168 kB
PageTables:        39588 kB
NFS_Unstable:          0 kB
Bounce:                0 kB
WritebackTmp:          0 kB
CommitLimit:     6087016 kB
Committed_AS:    6519212 kB
VmallocTotal:   34359738367 kB
VmallocUsed:      313504 kB
VmallocChunk:   34359419384 kB
HardwareCorrupted:     0 kB
AnonHugePages:   1165312 kB
HugePages_Total:       0
HugePages_Free:        0
HugePages_Rsvd:        0
HugePages_Surp:        0
Hugepagesize:       2048 kB
DirectMap4k:     2317888 kB
DirectMap2M:     1875968 kB


CPU:total 2 (2 cores per cpu, 1 threads per core) family 6 model 23 stepping 10, cmov, cx8, fxsr, mmx, sse, sse2, sse3, ssse3, tsc

/proc/cpuinfo:
processor	: 0
vendor_id	: GenuineIntel
cpu family	: 6
model		: 23
model name	: Intel(R) Celeron(R) CPU        E3300  @ 2.50GHz
stepping	: 10
microcode	: 0xa07
cpu MHz		: 2500.000
cache size	: 1024 KB
physical id	: 0
siblings	: 2
core id		: 0
cpu cores	: 2
apicid		: 0
initial apicid	: 0
fpu		: yes
fpu_exception	: yes
cpuid level	: 13
wp		: yes
flags		: fpu vme de pse tsc msr pae mce cx8 apic sep mtrr pge mca cmov pat pse36 clflush dts acpi mmx fxsr sse sse2 ss ht tm pbe syscall nx lm constant_tsc arch_perfmon pebs bts rep_good nopl aperfmperf pni dtes64 monitor ds_cpl vmx est tm2 ssse3 cx16 xtpr pdcm xsave lahf_lm dtherm tpr_shadow vnmi flexpriority
bogomips	: 4987.41
clflush size	: 64
cache_alignment	: 64
address sizes	: 36 bits physical, 48 bits virtual
power management:

processor	: 1
vendor_id	: GenuineIntel
cpu family	: 6
model		: 23
model name	: Intel(R) Celeron(R) CPU        E3300  @ 2.50GHz
stepping	: 10
microcode	: 0xa07
cpu MHz		: 2500.000
cache size	: 1024 KB
physical id	: 0
siblings	: 2
core id		: 1
cpu cores	: 2
apicid		: 1
initial apicid	: 1
fpu		: yes
fpu_exception	: yes
cpuid level	: 13
wp		: yes
flags		: fpu vme de pse tsc msr pae mce cx8 apic sep mtrr pge mca cmov pat pse36 clflush dts acpi mmx fxsr sse sse2 ss ht tm pbe syscall nx lm constant_tsc arch_perfmon pebs bts rep_good nopl aperfmperf pni dtes64 monitor ds_cpl vmx est tm2 ssse3 cx16 xtpr pdcm xsave lahf_lm dtherm tpr_shadow vnmi flexpriority
bogomips	: 4987.41
clflush size	: 64
cache_alignment	: 64
address sizes	: 36 bits physical, 48 bits virtual
power management:



Memory: 4k page, physical 4047580k(129188k free), swap 4063228k(3137660k free)

vm_info: Java HotSpot(TM) 64-Bit Server VM (25.25-b02) for linux-amd64 JRE (1.8.0_25-b17), built on Sep 17 2014 17:32:11 by "java_re" with gcc 4.3.0 20080428 (Red Hat 4.3.0-8)

time: Fri Mar  6 11:52:11 2015
elapsed time: 29 seconds (0d 0h 0m 29s)

