Alimentation
Assurance maison
Assurance véhicules
Assurance vie
Bricolage / Equipement de la maison
Cantines
Chauffage
Coiffeur
Cotisation retraite
Divers dépenses
Dons/cadeaux
Eau
Electricité
Electro-ménager
Entretien voitures
Essence
Exceptionnel hors budget
Fleurs
Frais de banque
Frais professionnel
Française des jeux
Garde des enfants
Habillement
Hygiène et Beauté
Impôts sur le revenu
Inconnu
Intérêt d'emprunt
Loisirs
Mariage
Meubles
Médecin
Ménage
Mutuelle
Pharmacie
Piscine
Remboursement d'emprunt
Restaurant
Retrait espèces
Santé
Taxe d'habitation
Taxe foncière
Téléphone
Transport
Vins
Voyages
